;  LST file generated by mikroListExporter - v.2.0 
; Date/Time: 12/11/2024 12:13:46
;----------------------------------------------

;Address Opcode 	ASM
0x0000	0xF004EF85  	GOTO        2314
0x0004	0x0000      	NOP
0x0006	0x0000      	NOP
0x0008	0xF000EF00  	GOTO        0
0x000C	0x0000      	NOP
0x000E	0x0000      	NOP
0x0010	0x0000      	NOP
0x0012	0x0000      	NOP
0x0014	0x0000      	NOP
0x0016	0x0000      	NOP
0x0018	0xD7F3      	BRA         0
_Delay_5500us:
;__Lib_Delays.c,31 :: 		void Delay_5500us() {
;__Lib_Delays.c,32 :: 		Delay_us(5500);
0x001C	0x0E0F      	MOVLW       15
0x001E	0x6E0C      	MOVWF       R12, 0
0x0020	0x0E47      	MOVLW       71
0x0022	0x6E0D      	MOVWF       R13, 0
L_Delay_5500us5:
0x0024	0x2E0D      	DECFSZ      R13, 1, 0
0x0026	0xD7FE      	BRA         L_Delay_5500us5
0x0028	0x2E0C      	DECFSZ      R12, 1, 0
0x002A	0xD7FC      	BRA         L_Delay_5500us5
0x002C	0x0000      	NOP
0x002E	0x0000      	NOP
;__Lib_Delays.c,33 :: 		}
L_end_Delay_5500us:
0x0030	0x0012      	RETURN      0
; end of _Delay_5500us
_Delay_50us:
;__Lib_Delays.c,19 :: 		void Delay_50us() {
;__Lib_Delays.c,20 :: 		Delay_us(50);
0x0032	0x0E21      	MOVLW       33
0x0034	0x6E0D      	MOVWF       R13, 0
L_Delay_50us2:
0x0036	0x2E0D      	DECFSZ      R13, 1, 0
0x0038	0xD7FE      	BRA         L_Delay_50us2
;__Lib_Delays.c,21 :: 		}
L_end_Delay_50us:
0x003A	0x0012      	RETURN      0
; end of _Delay_50us
_Delay_1us:
;__Lib_Delays.c,7 :: 		void Delay_1us() {
;__Lib_Delays.c,8 :: 		Delay_us(1);
0x003C	0x0000      	NOP
0x003E	0x0000      	NOP
;__Lib_Delays.c,9 :: 		}
L_end_Delay_1us:
0x0040	0x0012      	RETURN      0
; end of _Delay_1us
_SETFUN32:
;__Lib_MathDouble.c,144 :: 		
;__Lib_MathDouble.c,152 :: 		
0x0042	0x840B      	BSF         R11, 2, 0
;__Lib_MathDouble.c,153 :: 		
0x0044	0xAE0B      	BTFSS       R11, 7, 0
;__Lib_MathDouble.c,154 :: 		
0x0046	0xF000EF2C  	GOTO        SETFUN32EEE
;__Lib_MathDouble.c,156 :: 		
0x004A	0x0E01      	MOVLW       1
;__Lib_MathDouble.c,157 :: 		
0x004C	0x6E03      	MOVWF       R3, 0
;__Lib_MathDouble.c,158 :: 		
0x004E	0x6A02      	CLRF        R2, 0
;__Lib_MathDouble.c,159 :: 		
0x0050	0x6A01      	CLRF        R1, 0
;__Lib_MathDouble.c,160 :: 		
0x0052	0x6A00      	CLRF        R0, 0
;__Lib_MathDouble.c,161 :: 		
0x0054	0x360A      	RLCF        R10, 1, 0
;__Lib_MathDouble.c,162 :: 		
0x0056	0x3202      	RRCF        R2, 1, 0
;__Lib_MathDouble.c,163 :: 		
SETFUN32EEE:
;__Lib_MathDouble.c,164 :: 		
0x0058	0x0EFF      	MOVLW       255
;__Lib_MathDouble.c,166 :: 		
L_end_SETFUN32:
0x005A	0x0012      	RETURN      0
; end of _SETFUN32
_RES032:
;__Lib_MathDouble.c,128 :: 		
;__Lib_MathDouble.c,134 :: 		
0x005C	0x6A02      	CLRF        R2, 0
;__Lib_MathDouble.c,135 :: 		
0x005E	0x6A01      	CLRF        R1, 0
;__Lib_MathDouble.c,136 :: 		
0x0060	0x6A00      	CLRF        R0, 0
;__Lib_MathDouble.c,137 :: 		
0x0062	0x6A08      	CLRF        R8, 0
;__Lib_MathDouble.c,138 :: 		
0x0064	0x6A03      	CLRF        R3, 0
;__Lib_MathDouble.c,139 :: 		
0x0066	0x0E00      	MOVLW       0
;__Lib_MathDouble.c,141 :: 		
L_end_RES032:
0x0068	0x0012      	RETURN      0
; end of _RES032
_Lcd_Cmd:
;__Lib_Lcd.c,18 :: 		
;__Lib_Lcd.c,20 :: 		
0x006A	0xBE37      	BTFSC       FARG_Lcd_Cmd_out_char, 7 
0x006C	0xD002      	BRA         L__Lcd_Cmd21
0x006E	0x968A      	BCF         LCD_D7, BitPos(LCD_D7+0) 
0x0070	0xD001      	BRA         L__Lcd_Cmd22
L__Lcd_Cmd21:
0x0072	0x868A      	BSF         LCD_D7, BitPos(LCD_D7+0) 
L__Lcd_Cmd22:
;__Lib_Lcd.c,21 :: 		
0x0074	0xBC37      	BTFSC       FARG_Lcd_Cmd_out_char, 6 
0x0076	0xD002      	BRA         L__Lcd_Cmd23
0x0078	0x948A      	BCF         LCD_D6, BitPos(LCD_D6+0) 
0x007A	0xD001      	BRA         L__Lcd_Cmd24
L__Lcd_Cmd23:
0x007C	0x848A      	BSF         LCD_D6, BitPos(LCD_D6+0) 
L__Lcd_Cmd24:
;__Lib_Lcd.c,22 :: 		
0x007E	0xBA37      	BTFSC       FARG_Lcd_Cmd_out_char, 5 
0x0080	0xD002      	BRA         L__Lcd_Cmd25
0x0082	0x928A      	BCF         LCD_D5, BitPos(LCD_D5+0) 
0x0084	0xD001      	BRA         L__Lcd_Cmd26
L__Lcd_Cmd25:
0x0086	0x828A      	BSF         LCD_D5, BitPos(LCD_D5+0) 
L__Lcd_Cmd26:
;__Lib_Lcd.c,23 :: 		
0x0088	0xB837      	BTFSC       FARG_Lcd_Cmd_out_char, 4 
0x008A	0xD002      	BRA         L__Lcd_Cmd27
0x008C	0x908A      	BCF         LCD_D4, BitPos(LCD_D4+0) 
0x008E	0xD001      	BRA         L__Lcd_Cmd28
L__Lcd_Cmd27:
0x0090	0x808A      	BSF         LCD_D4, BitPos(LCD_D4+0) 
L__Lcd_Cmd28:
;__Lib_Lcd.c,25 :: 		
0x0092	0xB022      	BTFSC       __Lib_Lcd_cmd_status, BitPos(__Lib_Lcd_cmd_status+0) 
0x0094	0xD002      	BRA         L__Lcd_Cmd29
0x0096	0x888A      	BSF         LCD_RS, BitPos(LCD_RS+0) 
0x0098	0xD001      	BRA         L__Lcd_Cmd30
L__Lcd_Cmd29:
0x009A	0x988A      	BCF         LCD_RS, BitPos(LCD_RS+0) 
L__Lcd_Cmd30:
;__Lib_Lcd.c,28 :: 		
0x009C	0x8A8A      	BSF         LCD_EN, BitPos(LCD_EN+0) 
;__Lib_Lcd.c,29 :: 		
0x009E	0xDFCE      	RCALL       _Delay_1us
;__Lib_Lcd.c,30 :: 		
0x00A0	0x9A8A      	BCF         LCD_EN, BitPos(LCD_EN+0) 
;__Lib_Lcd.c,33 :: 		
0x00A2	0xB637      	BTFSC       FARG_Lcd_Cmd_out_char, 3 
0x00A4	0xD002      	BRA         L__Lcd_Cmd31
0x00A6	0x968A      	BCF         LCD_D7, BitPos(LCD_D7+0) 
0x00A8	0xD001      	BRA         L__Lcd_Cmd32
L__Lcd_Cmd31:
0x00AA	0x868A      	BSF         LCD_D7, BitPos(LCD_D7+0) 
L__Lcd_Cmd32:
;__Lib_Lcd.c,34 :: 		
0x00AC	0xB437      	BTFSC       FARG_Lcd_Cmd_out_char, 2 
0x00AE	0xD002      	BRA         L__Lcd_Cmd33
0x00B0	0x948A      	BCF         LCD_D6, BitPos(LCD_D6+0) 
0x00B2	0xD001      	BRA         L__Lcd_Cmd34
L__Lcd_Cmd33:
0x00B4	0x848A      	BSF         LCD_D6, BitPos(LCD_D6+0) 
L__Lcd_Cmd34:
;__Lib_Lcd.c,35 :: 		
0x00B6	0xB237      	BTFSC       FARG_Lcd_Cmd_out_char, 1 
0x00B8	0xD002      	BRA         L__Lcd_Cmd35
0x00BA	0x928A      	BCF         LCD_D5, BitPos(LCD_D5+0) 
0x00BC	0xD001      	BRA         L__Lcd_Cmd36
L__Lcd_Cmd35:
0x00BE	0x828A      	BSF         LCD_D5, BitPos(LCD_D5+0) 
L__Lcd_Cmd36:
;__Lib_Lcd.c,36 :: 		
0x00C0	0xB037      	BTFSC       FARG_Lcd_Cmd_out_char, 0 
0x00C2	0xD002      	BRA         L__Lcd_Cmd37
0x00C4	0x908A      	BCF         LCD_D4, BitPos(LCD_D4+0) 
0x00C6	0xD001      	BRA         L__Lcd_Cmd38
L__Lcd_Cmd37:
0x00C8	0x808A      	BSF         LCD_D4, BitPos(LCD_D4+0) 
L__Lcd_Cmd38:
;__Lib_Lcd.c,38 :: 		
0x00CA	0xB022      	BTFSC       __Lib_Lcd_cmd_status, BitPos(__Lib_Lcd_cmd_status+0) 
0x00CC	0xD002      	BRA         L__Lcd_Cmd39
0x00CE	0x888A      	BSF         LCD_RS, BitPos(LCD_RS+0) 
0x00D0	0xD001      	BRA         L__Lcd_Cmd40
L__Lcd_Cmd39:
0x00D2	0x988A      	BCF         LCD_RS, BitPos(LCD_RS+0) 
L__Lcd_Cmd40:
;__Lib_Lcd.c,40 :: 		
0x00D4	0x8A8A      	BSF         LCD_EN, BitPos(LCD_EN+0) 
;__Lib_Lcd.c,41 :: 		
0x00D6	0xDFB2      	RCALL       _Delay_1us
;__Lib_Lcd.c,42 :: 		
0x00D8	0x9A8A      	BCF         LCD_EN, BitPos(LCD_EN+0) 
;__Lib_Lcd.c,44 :: 		
0x00DA	0xA022      	BTFSS       __Lib_Lcd_cmd_status, BitPos(__Lib_Lcd_cmd_status+0) 
0x00DC	0xD002      	BRA         L_Lcd_Cmd0
;__Lib_Lcd.c,45 :: 		
0x00DE	0xDF9E      	RCALL       _Delay_5500us
0x00E0	0xD001      	BRA         L_Lcd_Cmd1
L_Lcd_Cmd0:
;__Lib_Lcd.c,47 :: 		
0x00E2	0xDFA7      	RCALL       _Delay_50us
L_Lcd_Cmd1:
;__Lib_Lcd.c,48 :: 		
L_end_Lcd_Cmd:
0x00E4	0x0012      	RETURN      0
; end of _Lcd_Cmd
_FIXSIGN32:
;__Lib_MathDouble.c,117 :: 		
;__Lib_MathDouble.c,121 :: 		
0x00E6	0xAE0A      	BTFSS       R10, 7, 0
;__Lib_MathDouble.c,122 :: 		
0x00E8	0x9E02      	BCF         R2, 7, 0
;__Lib_MathDouble.c,123 :: 		
0x00EA	0x0E00      	MOVLW       0
;__Lib_MathDouble.c,125 :: 		
L_end_FIXSIGN32:
0x00EC	0x0012      	RETURN      0
; end of _FIXSIGN32
_Div_16x16_S_L:
;__Lib_Math.c,139 :: 		
;__Lib_Math.c,146 :: 		
0x00EE	0x3401      	RLCF        R1, 0, 0
;__Lib_Math.c,147 :: 		
0x00F0	0x3608      	RLCF        R8, 1, 0
;__Lib_Math.c,148 :: 		
0x00F2	0x3609      	RLCF        R9, 1, 0
;__Lib_Math.c,149 :: 		
0x00F4	0x5004      	MOVF        R4, 0, 0
;__Lib_Math.c,150 :: 		
0x00F6	0x5E08      	SUBWF       R8, 1, 0
;__Lib_Math.c,151 :: 		
0x00F8	0x5005      	MOVF        R5, 0, 0
;__Lib_Math.c,152 :: 		
0x00FA	0xA0D8      	BTFSS       STATUS, 0, 0
;__Lib_Math.c,153 :: 		
0x00FC	0x3C05      	INCFSZ      R5, 0, 0
;__Lib_Math.c,154 :: 		
0x00FE	0x5E09      	SUBWF       R9, 1, 0
;__Lib_Math.c,155 :: 		
0x0100	0x3600      	RLCF        R0, 1, 0
;__Lib_Math.c,156 :: 		
0x0102	0x3601      	RLCF        R1, 1, 0
;__Lib_Math.c,158 :: 		
0x0104	0x0E0F      	MOVLW       15
;__Lib_Math.c,159 :: 		
0x0106	0x6E0C      	MOVWF       R12, 0
;__Lib_Math.c,161 :: 		
0x0108	0x3401      	RLCF        R1, 0, 0
;__Lib_Math.c,162 :: 		
0x010A	0x3608      	RLCF        R8, 1, 0
;__Lib_Math.c,163 :: 		
0x010C	0x3609      	RLCF        R9, 1, 0
;__Lib_Math.c,164 :: 		
0x010E	0x5004      	MOVF        R4, 0, 0
;__Lib_Math.c,166 :: 		
0x0110	0xA000      	BTFSS       R0, 0, 0
;__Lib_Math.c,167 :: 		
0x0112	0xD006      	BRA         $+14
;__Lib_Math.c,168 :: 		
0x0114	0x5E08      	SUBWF       R8, 1, 0
;__Lib_Math.c,169 :: 		
0x0116	0x5005      	MOVF        R5, 0, 0
;__Lib_Math.c,170 :: 		
0x0118	0xA0D8      	BTFSS       STATUS, 0, 0
;__Lib_Math.c,171 :: 		
0x011A	0x3C05      	INCFSZ      R5, 0, 0
;__Lib_Math.c,172 :: 		
0x011C	0x5E09      	SUBWF       R9, 1, 0
;__Lib_Math.c,173 :: 		
0x011E	0xD005      	BRA         $+12
;__Lib_Math.c,175 :: 		
0x0120	0x2608      	ADDWF       R8, 1, 0
;__Lib_Math.c,176 :: 		
0x0122	0x5005      	MOVF        R5, 0, 0
;__Lib_Math.c,177 :: 		
0x0124	0xB0D8      	BTFSC       STATUS, 0, 0
;__Lib_Math.c,178 :: 		
0x0126	0x3C05      	INCFSZ      R5, 0, 0
;__Lib_Math.c,179 :: 		
0x0128	0x2609      	ADDWF       R9, 1, 0
;__Lib_Math.c,181 :: 		
0x012A	0x3600      	RLCF        R0, 1, 0
;__Lib_Math.c,182 :: 		
0x012C	0x3601      	RLCF        R1, 1, 0
;__Lib_Math.c,184 :: 		
0x012E	0x2E0C      	DECFSZ      R12, 1, 0
;__Lib_Math.c,185 :: 		
0x0130	0xD7EB      	BRA         $-40
;__Lib_Math.c,187 :: 		
0x0132	0xB000      	BTFSC       R0, 0, 0
;__Lib_Math.c,188 :: 		
0x0134	0xD006      	BRA         $+14
;__Lib_Math.c,189 :: 		
0x0136	0x5004      	MOVF        R4, 0, 0
;__Lib_Math.c,190 :: 		
0x0138	0x2608      	ADDWF       R8, 1, 0
;__Lib_Math.c,191 :: 		
0x013A	0x5005      	MOVF        R5, 0, 0
;__Lib_Math.c,192 :: 		
0x013C	0xB0D8      	BTFSC       STATUS, 0, 0
;__Lib_Math.c,193 :: 		
0x013E	0x3C05      	INCFSZ      R5, 0, 0
;__Lib_Math.c,194 :: 		
0x0140	0x2609      	ADDWF       R9, 1, 0
;__Lib_Math.c,195 :: 		
0x0142	0x0000      	NOP
;__Lib_Math.c,197 :: 		
L_end_Div_16x16_S_L:
0x0144	0x0012      	RETURN      0
; end of _Div_16x16_S_L
_Lcd_Chr_CP:
;__Lib_Lcd.c,50 :: 		
;__Lib_Lcd.c,52 :: 		
0x0146	0x9022      	BCF         __Lib_Lcd_cmd_status, BitPos(__Lib_Lcd_cmd_status+0) 
;__Lib_Lcd.c,53 :: 		
0x0148	0xF037C036  	MOVFF       FARG_Lcd_Chr_CP_out_char, FARG_Lcd_Cmd_out_char
0x014C	0xDF8E      	RCALL       _Lcd_Cmd
;__Lib_Lcd.c,54 :: 		
0x014E	0x8022      	BSF         __Lib_Lcd_cmd_status, BitPos(__Lib_Lcd_cmd_status+0) 
;__Lib_Lcd.c,55 :: 		
L_end_Lcd_Chr_CP:
0x0150	0x0012      	RETURN      0
; end of _Lcd_Chr_CP
_Delay_22us:
;__Lib_Delays.c,15 :: 		void Delay_22us() {
;__Lib_Delays.c,16 :: 		Delay_us(22);
0x0152	0x0E0E      	MOVLW       14
0x0154	0x6E0D      	MOVWF       R13, 0
L_Delay_22us1:
0x0156	0x2E0D      	DECFSZ      R13, 1, 0
0x0158	0xD7FE      	BRA         L_Delay_22us1
0x015A	0x0000      	NOP
;__Lib_Delays.c,17 :: 		}
L_end_Delay_22us:
0x015C	0x0012      	RETURN      0
; end of _Delay_22us
_SETFDZ32:
;__Lib_MathDouble.c,106 :: 		
;__Lib_MathDouble.c,110 :: 		
0x015E	0x6A0B      	CLRF        R11, 0
;__Lib_MathDouble.c,111 :: 		
0x0160	0x860B      	BSF         R11, 3, 0
;__Lib_MathDouble.c,112 :: 		
0x0162	0x0EFF      	MOVLW       255
;__Lib_MathDouble.c,114 :: 		
L_end_SETFDZ32:
0x0164	0x0012      	RETURN      0
; end of _SETFDZ32
_SETIOV3224:
;__Lib_MathDouble.c,530 :: 		
;__Lib_MathDouble.c,537 :: 		
0x0166	0x800B      	BSF         R11, 0, 0
;__Lib_MathDouble.c,538 :: 		
0x0168	0xAE0B      	BTFSS       R11, 7, 0
;__Lib_MathDouble.c,539 :: 		
0x016A	0xF000EFBF  	GOTO        SETIOV3224EEE
;__Lib_MathDouble.c,541 :: 		
0x016E	0x6A02      	CLRF        R2, 0
;__Lib_MathDouble.c,542 :: 		
0x0170	0xAE0A      	BTFSS       R10, 7, 0
;__Lib_MathDouble.c,543 :: 		
0x0172	0x0EFF      	MOVLW       255
;__Lib_MathDouble.c,544 :: 		
0x0174	0x6E02      	MOVWF       R2, 0
;__Lib_MathDouble.c,545 :: 		
0x0176	0x6E01      	MOVWF       R1, 0
;__Lib_MathDouble.c,546 :: 		
0x0178	0x6E00      	MOVWF       R0, 0
;__Lib_MathDouble.c,547 :: 		
0x017A	0x360A      	RLCF        R10, 1, 0
;__Lib_MathDouble.c,548 :: 		
0x017C	0x3202      	RRCF        R2, 1, 0
;__Lib_MathDouble.c,549 :: 		
SETIOV3224EEE:
;__Lib_MathDouble.c,550 :: 		
0x017E	0x0EFF      	MOVLW       255
;__Lib_MathDouble.c,552 :: 		
L_end_SETIOV3224:
0x0180	0x0012      	RETURN      0
; end of _SETIOV3224
_SETFOV32:
;__Lib_MathDouble.c,82 :: 		
;__Lib_MathDouble.c,90 :: 		
0x0182	0x820B      	BSF         R11, 1, 0
;__Lib_MathDouble.c,91 :: 		
0x0184	0xAE0B      	BTFSS       R11, 7, 0
;__Lib_MathDouble.c,92 :: 		
0x0186	0xF000EFCB  	GOTO        SETFOV32EEE
;__Lib_MathDouble.c,94 :: 		
0x018A	0x6803      	SETF        R3, 0
;__Lib_MathDouble.c,95 :: 		
0x018C	0x6802      	SETF        R2, 0
;__Lib_MathDouble.c,96 :: 		
0x018E	0x6801      	SETF        R1, 0
;__Lib_MathDouble.c,97 :: 		
0x0190	0x6800      	SETF        R0, 0
;__Lib_MathDouble.c,98 :: 		
0x0192	0x360A      	RLCF        R10, 1, 0
;__Lib_MathDouble.c,99 :: 		
0x0194	0x3202      	RRCF        R2, 1, 0
;__Lib_MathDouble.c,100 :: 		
SETFOV32EEE:
;__Lib_MathDouble.c,101 :: 		
0x0196	0x0EFF      	MOVLW       255
;__Lib_MathDouble.c,103 :: 		
L_end_SETFOV32:
0x0198	0x0012      	RETURN      0
; end of _SETFOV32
_NRM3232:
;__Lib_MathDouble.c,455 :: 		
;__Lib_MathDouble.c,463 :: 		
0x019A	0x6A0C      	CLRF        R12, 0
;__Lib_MathDouble.c,464 :: 		
0x019C	0x6A0E      	CLRF        R14, 0
;__Lib_MathDouble.c,465 :: 		
0x019E	0x5002      	MOVF        R2, 0, 0
;__Lib_MathDouble.c,466 :: 		
0x01A0	0xA4D8      	BTFSS       STATUS, 2, 0
;__Lib_MathDouble.c,467 :: 		
0x01A2	0xF000EFE6  	GOTO        NORM3232
;__Lib_MathDouble.c,468 :: 		
0x01A6	0xF002C001  	MOVFF       R1, R2
;__Lib_MathDouble.c,469 :: 		
0x01AA	0xF001C000  	MOVFF       R0, R1
;__Lib_MathDouble.c,470 :: 		
0x01AE	0x6A00      	CLRF        R0, 0
;__Lib_MathDouble.c,471 :: 		
0x01B0	0x860E      	BSF         R14, 3, 0
;__Lib_MathDouble.c,473 :: 		
0x01B2	0x5002      	MOVF        R2, 0, 0
;__Lib_MathDouble.c,474 :: 		
0x01B4	0xA4D8      	BTFSS       STATUS, 2, 0
;__Lib_MathDouble.c,475 :: 		
0x01B6	0xF000EFE6  	GOTO        NORM3232
;__Lib_MathDouble.c,476 :: 		
0x01BA	0xF002C001  	MOVFF       R1, R2
;__Lib_MathDouble.c,477 :: 		
0x01BE	0x6A01      	CLRF        R1, 0
;__Lib_MathDouble.c,478 :: 		
0x01C0	0x960E      	BCF         R14, 3, 0
;__Lib_MathDouble.c,479 :: 		
0x01C2	0x880E      	BSF         R14, 4, 0
;__Lib_MathDouble.c,481 :: 		
0x01C4	0x5002      	MOVF        R2, 0, 0
;__Lib_MathDouble.c,482 :: 		
0x01C6	0xB4D8      	BTFSC       STATUS, 2, 0
;__Lib_MathDouble.c,483 :: 		
0x01C8	0xF000EFF8  	GOTO        JPNRES032
;__Lib_MathDouble.c,484 :: 		
NORM3232:
;__Lib_MathDouble.c,485 :: 		
0x01CC	0x500E      	MOVF        R14, 0, 0
;__Lib_MathDouble.c,486 :: 		
0x01CE	0x5E03      	SUBWF       R3, 1, 0
;__Lib_MathDouble.c,487 :: 		
0x01D0	0xA4D8      	BTFSS       STATUS, 2, 0
;__Lib_MathDouble.c,488 :: 		
0x01D2	0xA0D8      	BTFSS       STATUS, 0, 0
;__Lib_MathDouble.c,489 :: 		
0x01D4	0xF000EFFD  	GOTO        JPNSETFUN32
;__Lib_MathDouble.c,490 :: 		
0x01D8	0x90D8      	BCF         STATUS, 0, 0
;__Lib_MathDouble.c,491 :: 		
NORM3232A:
;__Lib_MathDouble.c,492 :: 		
0x01DA	0xBE02      	BTFSC       R2, 7, 0
;__Lib_MathDouble.c,493 :: 		
0x01DC	0xF001EF02  	GOTO        JMPNFIXSIGN32
;__Lib_MathDouble.c,494 :: 		
0x01E0	0x3600      	RLCF        R0, 1, 0
;__Lib_MathDouble.c,495 :: 		
0x01E2	0x3601      	RLCF        R1, 1, 0
;__Lib_MathDouble.c,496 :: 		
0x01E4	0x3602      	RLCF        R2, 1, 0
;__Lib_MathDouble.c,497 :: 		
0x01E6	0x2E03      	DECFSZ      R3, 1, 0
;__Lib_MathDouble.c,498 :: 		
0x01E8	0xF000EFED  	GOTO        NORM3232A
;__Lib_MathDouble.c,499 :: 		
0x01EC	0xF000EFFD  	GOTO        JPNSETFUN32
;__Lib_MathDouble.c,500 :: 		
JPNRES032:
;__Lib_MathDouble.c,501 :: 		
0x01F0	0x0E01      	MOVLW       1
;__Lib_MathDouble.c,502 :: 		
0x01F2	0x6E0C      	MOVWF       R12, 0
;__Lib_MathDouble.c,504 :: 		
0x01F4	0xDF33      	RCALL       _RES032
;__Lib_MathDouble.c,506 :: 		
0x01F6	0xF001EF05  	GOTO        NORM32EEE
;__Lib_MathDouble.c,507 :: 		
JPNSETFUN32:
;__Lib_MathDouble.c,508 :: 		
0x01FA	0x0E02      	MOVLW       2
;__Lib_MathDouble.c,509 :: 		
0x01FC	0x6E0C      	MOVWF       R12, 0
;__Lib_MathDouble.c,511 :: 		
0x01FE	0xDF21      	RCALL       _SETFUN32
;__Lib_MathDouble.c,513 :: 		
0x0200	0xF001EF05  	GOTO        NORM32EEE
;__Lib_MathDouble.c,514 :: 		
JMPNFIXSIGN32:
;__Lib_MathDouble.c,515 :: 		
0x0204	0x0E04      	MOVLW       4
;__Lib_MathDouble.c,516 :: 		
0x0206	0x6E0C      	MOVWF       R12, 0
;__Lib_MathDouble.c,518 :: 		
0x0208	0xDF6E      	RCALL       _FIXSIGN32
;__Lib_MathDouble.c,520 :: 		
NORM32EEE:
;__Lib_MathDouble.c,527 :: 		
L_end_NRM3232:
0x020A	0x0012      	RETURN      0
; end of _NRM3232
_Div_16x16_S:
;__Lib_Math.c,200 :: 		
;__Lib_Math.c,208 :: 		
0x020C	0x5004      	MOVF        R4, 0 
0x020E	0x0A00      	XORLW       0
0x0210	0xE108      	BNZ         L_Div_16x16_S0
;__Lib_Math.c,209 :: 		
0x0212	0x5005      	MOVF        R5, 0 
0x0214	0x0A00      	XORLW       0
0x0216	0xE105      	BNZ         L_Div_16x16_S1
;__Lib_Math.c,210 :: 		
0x0218	0x0EFF      	MOVLW       255
0x021A	0x6E00      	MOVWF       R0 
;__Lib_Math.c,211 :: 		
0x021C	0x0E7F      	MOVLW       127
0x021E	0x6E01      	MOVWF       R1 
;__Lib_Math.c,212 :: 		
0x0220	0xD057      	BRA         L_end_Div_16x16_S
;__Lib_Math.c,213 :: 		
L_Div_16x16_S1:
L_Div_16x16_S0:
;__Lib_Math.c,216 :: 		
0x0222	0x6A0D      	CLRF        R13, 0
;__Lib_Math.c,217 :: 		
0x0224	0x6A09      	CLRF        R9, 0
;__Lib_Math.c,218 :: 		
0x0226	0x6A08      	CLRF        R8, 0
;__Lib_Math.c,219 :: 		
0x0228	0x5001      	MOVF        R1, 0, 0
;__Lib_Math.c,220 :: 		
0x022A	0x1000      	IORWF       R0, 0, 0
;__Lib_Math.c,221 :: 		
0x022C	0xB4D8      	BTFSC       STATUS, 2, 0
;__Lib_Math.c,222 :: 		
0x022E	0x0C00      	RETLW       0
;__Lib_Math.c,224 :: 		
0x0230	0x5001      	MOVF        R1, 0, 0
;__Lib_Math.c,225 :: 		
0x0232	0x1805      	XORWF       R5, 0, 0
;__Lib_Math.c,226 :: 		
0x0234	0x6E0A      	MOVWF       R10, 0
;__Lib_Math.c,227 :: 		
0x0236	0xBE0A      	BTFSC       R10, 7, 0
;__Lib_Math.c,228 :: 		
0x0238	0x1E0D      	COMF        R13, 1, 0
;__Lib_Math.c,230 :: 		
0x023A	0x6A0B      	CLRF        R11, 0
;__Lib_Math.c,232 :: 		
0x023C	0xAE05      	BTFSS       R5, 7, 0
;__Lib_Math.c,233 :: 		
0x023E	0xD005      	BRA         $+12
;__Lib_Math.c,235 :: 		
0x0240	0x1E04      	COMF        R4, 1, 0
;__Lib_Math.c,236 :: 		
0x0242	0x1E05      	COMF        R5, 1, 0
;__Lib_Math.c,237 :: 		
0x0244	0x2A04      	INCF        R4, 1, 0
;__Lib_Math.c,238 :: 		
0x0246	0xB4D8      	BTFSC       STATUS, 2, 0
;__Lib_Math.c,239 :: 		
0x0248	0x2A05      	INCF        R5, 1, 0
;__Lib_Math.c,241 :: 		
0x024A	0xAE01      	BTFSS       R1, 7, 0
;__Lib_Math.c,242 :: 		
0x024C	0xD005      	BRA         $+12
;__Lib_Math.c,244 :: 		
0x024E	0x1E00      	COMF        R0, 1, 0
;__Lib_Math.c,245 :: 		
0x0250	0x1E01      	COMF        R1, 1, 0
;__Lib_Math.c,246 :: 		
0x0252	0x2A00      	INCF        R0, 1, 0
;__Lib_Math.c,247 :: 		
0x0254	0xB4D8      	BTFSC       STATUS, 2, 0
;__Lib_Math.c,248 :: 		
0x0256	0x2A01      	INCF        R1, 1, 0
;__Lib_Math.c,250 :: 		
0x0258	0x5001      	MOVF        R1, 0, 0
;__Lib_Math.c,251 :: 		
0x025A	0x1005      	IORWF       R5, 0, 0
;__Lib_Math.c,252 :: 		
0x025C	0x6E0A      	MOVWF       R10, 0
;__Lib_Math.c,253 :: 		
0x025E	0xBE0A      	BTFSC       R10, 7, 0
;__Lib_Math.c,254 :: 		
0x0260	0xD010      	BRA         $+34
;__Lib_Math.c,256 :: 		
0x0262	0xDF45      	RCALL       _Div_16x16_S_L
;__Lib_Math.c,258 :: 		
0x0264	0xB00B      	BTFSC       R11, 0, 0
;__Lib_Math.c,259 :: 		
0x0266	0xD020      	BRA         $+66
;__Lib_Math.c,261 :: 		
0x0268	0xAE0D      	BTFSS       R13, 7, 0
;__Lib_Math.c,262 :: 		
0x026A	0x0C00      	RETLW       0
;__Lib_Math.c,264 :: 		
0x026C	0x1E00      	COMF        R0, 1, 0
;__Lib_Math.c,265 :: 		
0x026E	0x1E01      	COMF        R1, 1, 0
;__Lib_Math.c,266 :: 		
0x0270	0x2A00      	INCF        R0, 1, 0
;__Lib_Math.c,267 :: 		
0x0272	0xB4D8      	BTFSC       STATUS, 2, 0
;__Lib_Math.c,268 :: 		
0x0274	0x2A01      	INCF        R1, 1, 0
;__Lib_Math.c,270 :: 		
0x0276	0x1E08      	COMF        R8, 1, 0
;__Lib_Math.c,271 :: 		
0x0278	0x1E09      	COMF        R9, 1, 0
;__Lib_Math.c,272 :: 		
0x027A	0x2A08      	INCF        R8, 1, 0
;__Lib_Math.c,273 :: 		
0x027C	0xB4D8      	BTFSC       STATUS, 2, 0
;__Lib_Math.c,274 :: 		
0x027E	0x2A09      	INCF        R9, 1, 0
;__Lib_Math.c,276 :: 		
0x0280	0x0C00      	RETLW       0
;__Lib_Math.c,278 :: 		
0x0282	0xAE05      	BTFSS       R5, 7, 0
;__Lib_Math.c,279 :: 		
0x0284	0xD00D      	BRA         $+28
;__Lib_Math.c,280 :: 		
0x0286	0xBE01      	BTFSC       R1, 7, 0
;__Lib_Math.c,281 :: 		
0x0288	0xD007      	BRA         $+16
;__Lib_Math.c,282 :: 		
0x028A	0x5001      	MOVF        R1, 0, 0
;__Lib_Math.c,283 :: 		
0x028C	0x6E09      	MOVWF       R9, 0
;__Lib_Math.c,284 :: 		
0x028E	0x5000      	MOVF        R0, 0, 0
;__Lib_Math.c,285 :: 		
0x0290	0x6E08      	MOVWF       R8, 0
;__Lib_Math.c,286 :: 		
0x0292	0x6A01      	CLRF        R1, 0
;__Lib_Math.c,287 :: 		
0x0294	0x6A00      	CLRF        R0, 0
;__Lib_Math.c,288 :: 		
0x0296	0xD7E8      	BRA         $-46
;__Lib_Math.c,289 :: 		
0x0298	0x6A01      	CLRF        R1, 0
;__Lib_Math.c,290 :: 		
0x029A	0x6A00      	CLRF        R0, 0
;__Lib_Math.c,291 :: 		
0x029C	0x2A00      	INCF        R0, 1, 0
;__Lib_Math.c,292 :: 		
0x029E	0x0C00      	RETLW       0
;__Lib_Math.c,294 :: 		
0x02A0	0x1E01      	COMF        R1, 1, 0
;__Lib_Math.c,295 :: 		
0x02A2	0x1E00      	COMF        R0, 1, 0
;__Lib_Math.c,296 :: 		
0x02A4	0x2A0B      	INCF        R11, 1, 0
;__Lib_Math.c,297 :: 		
0x02A6	0xD7DD      	BRA         $-68
;__Lib_Math.c,299 :: 		
0x02A8	0x2A08      	INCF        R8, 1, 0
;__Lib_Math.c,300 :: 		
0x02AA	0xB4D8      	BTFSC       STATUS, 2, 0
;__Lib_Math.c,301 :: 		
0x02AC	0x2A09      	INCF        R9, 1, 0
;__Lib_Math.c,302 :: 		
0x02AE	0x5004      	MOVF        R4, 0, 0
;__Lib_Math.c,303 :: 		
0x02B0	0x5C08      	SUBWF       R8, 0, 0
;__Lib_Math.c,304 :: 		
0x02B2	0xA4D8      	BTFSS       STATUS, 2, 0
;__Lib_Math.c,305 :: 		
0x02B4	0xD7D9      	BRA         $-76
;__Lib_Math.c,306 :: 		
0x02B6	0x5005      	MOVF        R5, 0, 0
;__Lib_Math.c,307 :: 		
0x02B8	0x5C09      	SUBWF       R9, 0, 0
;__Lib_Math.c,308 :: 		
0x02BA	0xA4D8      	BTFSS       STATUS, 2, 0
;__Lib_Math.c,309 :: 		
0x02BC	0xD7D5      	BRA         $-84
;__Lib_Math.c,310 :: 		
0x02BE	0x6A09      	CLRF        R9, 0
;__Lib_Math.c,311 :: 		
0x02C0	0x6A08      	CLRF        R8, 0
;__Lib_Math.c,312 :: 		
0x02C2	0x2A00      	INCF        R0, 1, 0
;__Lib_Math.c,313 :: 		
0x02C4	0xB4D8      	BTFSC       STATUS, 2, 0
;__Lib_Math.c,314 :: 		
0x02C6	0x2A01      	INCF        R1, 1, 0
;__Lib_Math.c,315 :: 		
0x02C8	0xAE01      	BTFSS       R1, 7, 0
;__Lib_Math.c,316 :: 		
0x02CA	0xD7CE      	BRA         $-98
;__Lib_Math.c,317 :: 		
0x02CC	0x0000      	NOP
;__Lib_Math.c,318 :: 		
0x02CE	0x0CFF      	RETLW       255
;__Lib_Math.c,320 :: 		
L_end_Div_16x16_S:
0x02D0	0x0012      	RETURN      0
; end of _Div_16x16_S
_Lcd_Chr:
;__Lib_Lcd.c,65 :: 		
;__Lib_Lcd.c,66 :: 		
0x02D2	0xD00F      	BRA         L_Lcd_Chr4
;__Lib_Lcd.c,67 :: 		
L_Lcd_Chr6:
0x02D4	0x0E80      	MOVLW       128
0x02D6	0x6E31      	MOVWF       FARG_Lcd_Chr_row 
0x02D8	0xD019      	BRA         L_Lcd_Chr5
;__Lib_Lcd.c,68 :: 		
L_Lcd_Chr7:
0x02DA	0x0EC0      	MOVLW       192
0x02DC	0x6E31      	MOVWF       FARG_Lcd_Chr_row 
0x02DE	0xD016      	BRA         L_Lcd_Chr5
;__Lib_Lcd.c,69 :: 		
L_Lcd_Chr8:
0x02E0	0x0E94      	MOVLW       148
0x02E2	0x6E31      	MOVWF       FARG_Lcd_Chr_row 
0x02E4	0xD013      	BRA         L_Lcd_Chr5
;__Lib_Lcd.c,70 :: 		
L_Lcd_Chr9:
0x02E6	0x0ED4      	MOVLW       212
0x02E8	0x6E31      	MOVWF       FARG_Lcd_Chr_row 
0x02EA	0xD010      	BRA         L_Lcd_Chr5
;__Lib_Lcd.c,71 :: 		
L_Lcd_Chr10:
0x02EC	0x0E80      	MOVLW       128
0x02EE	0x6E31      	MOVWF       FARG_Lcd_Chr_row 
;__Lib_Lcd.c,72 :: 		
0x02F0	0xD00D      	BRA         L_Lcd_Chr5
L_Lcd_Chr4:
0x02F2	0x5031      	MOVF        FARG_Lcd_Chr_row, 0 
0x02F4	0x0A01      	XORLW       1
0x02F6	0xE0EE      	BZ          L_Lcd_Chr6
0x02F8	0x5031      	MOVF        FARG_Lcd_Chr_row, 0 
0x02FA	0x0A02      	XORLW       2
0x02FC	0xE0EE      	BZ          L_Lcd_Chr7
0x02FE	0x5031      	MOVF        FARG_Lcd_Chr_row, 0 
0x0300	0x0A03      	XORLW       3
0x0302	0xE0EE      	BZ          L_Lcd_Chr8
0x0304	0x5031      	MOVF        FARG_Lcd_Chr_row, 0 
0x0306	0x0A04      	XORLW       4
0x0308	0xE0EE      	BZ          L_Lcd_Chr9
0x030A	0xD7F0      	BRA         L_Lcd_Chr10
L_Lcd_Chr5:
;__Lib_Lcd.c,74 :: 		
0x030C	0x0432      	DECF        FARG_Lcd_Chr_column, 0 
0x030E	0x6E00      	MOVWF       R0 
0x0310	0x5031      	MOVF        FARG_Lcd_Chr_row, 0 
0x0312	0x2600      	ADDWF       R0, 1 
0x0314	0xF031C000  	MOVFF       R0, FARG_Lcd_Chr_row
;__Lib_Lcd.c,76 :: 		
0x0318	0x8022      	BSF         __Lib_Lcd_cmd_status, BitPos(__Lib_Lcd_cmd_status+0) 
;__Lib_Lcd.c,77 :: 		
0x031A	0xF037C000  	MOVFF       R0, FARG_Lcd_Cmd_out_char
0x031E	0xDEA5      	RCALL       _Lcd_Cmd
;__Lib_Lcd.c,79 :: 		
0x0320	0x9022      	BCF         __Lib_Lcd_cmd_status, BitPos(__Lib_Lcd_cmd_status+0) 
;__Lib_Lcd.c,80 :: 		
0x0322	0xF037C033  	MOVFF       FARG_Lcd_Chr_out_char, FARG_Lcd_Cmd_out_char
0x0326	0xDEA1      	RCALL       _Lcd_Cmd
;__Lib_Lcd.c,81 :: 		
0x0328	0x8022      	BSF         __Lib_Lcd_cmd_status, BitPos(__Lib_Lcd_cmd_status+0) 
;__Lib_Lcd.c,82 :: 		
L_end_Lcd_Chr:
0x032A	0x0012      	RETURN      0
; end of _Lcd_Chr
___CC2DW:
;__Lib_System.c,21 :: 		
;__Lib_System.c,23 :: 		
_CC2DL_Loop1:
;__Lib_System.c,24 :: 		
0x032C	0x0009      	TBLRD*+
;__Lib_System.c,25 :: 		
0x032E	0xFFE6CFF5  	MOVFF       TABLAT, POSTINC1
;__Lib_System.c,26 :: 		
0x0332	0x0600      	DECF        R0, 1, 0
;__Lib_System.c,27 :: 		
0x0334	0xE1FB      	BNZ         _CC2DL_Loop1
;__Lib_System.c,28 :: 		
0x0336	0x0601      	DECF        R1, 1, 0
;__Lib_System.c,29 :: 		
0x0338	0xE1F9      	BNZ         _CC2DL_Loop1
;__Lib_System.c,31 :: 		
L_end___CC2DW:
0x033A	0x0012      	RETURN      0
; end of ___CC2DW
_Lcd_Init:
;__Lib_Lcd.c,84 :: 		
;__Lib_Lcd.c,86 :: 		
0x033C	0x9A93      	BCF         LCD_EN_Direction, BitPos(LCD_EN_Direction+0) 
;__Lib_Lcd.c,87 :: 		
0x033E	0x9893      	BCF         LCD_RS_Direction, BitPos(LCD_RS_Direction+0) 
;__Lib_Lcd.c,88 :: 		
0x0340	0x9093      	BCF         LCD_D4_Direction, BitPos(LCD_D4_Direction+0) 
;__Lib_Lcd.c,89 :: 		
0x0342	0x9293      	BCF         LCD_D5_Direction, BitPos(LCD_D5_Direction+0) 
;__Lib_Lcd.c,90 :: 		
0x0344	0x9493      	BCF         LCD_D6_Direction, BitPos(LCD_D6_Direction+0) 
;__Lib_Lcd.c,91 :: 		
0x0346	0x9693      	BCF         LCD_D7_Direction, BitPos(LCD_D7_Direction+0) 
;__Lib_Lcd.c,93 :: 		
0x0348	0x9A8A      	BCF         LCD_EN, BitPos(LCD_EN+0) 
;__Lib_Lcd.c,94 :: 		
0x034A	0x988A      	BCF         LCD_RS, BitPos(LCD_RS+0) 
;__Lib_Lcd.c,95 :: 		
0x034C	0x968A      	BCF         LCD_D7, BitPos(LCD_D7+0) 
;__Lib_Lcd.c,96 :: 		
0x034E	0x948A      	BCF         LCD_D6, BitPos(LCD_D6+0) 
;__Lib_Lcd.c,97 :: 		
0x0350	0x928A      	BCF         LCD_D5, BitPos(LCD_D5+0) 
;__Lib_Lcd.c,98 :: 		
0x0352	0x908A      	BCF         LCD_D4, BitPos(LCD_D4+0) 
;__Lib_Lcd.c,100 :: 		
0x0354	0xDE63      	RCALL       _Delay_5500us
;__Lib_Lcd.c,101 :: 		
0x0356	0xDE62      	RCALL       _Delay_5500us
;__Lib_Lcd.c,102 :: 		
0x0358	0xDE61      	RCALL       _Delay_5500us
;__Lib_Lcd.c,105 :: 		
0x035A	0x828A      	BSF         LCD_D5, BitPos(LCD_D5+0) 
;__Lib_Lcd.c,106 :: 		
0x035C	0x808A      	BSF         LCD_D4, BitPos(LCD_D4+0) 
;__Lib_Lcd.c,107 :: 		
0x035E	0x8A8A      	BSF         LCD_EN, BitPos(LCD_EN+0) 
;__Lib_Lcd.c,108 :: 		
0x0360	0xDE6D      	RCALL       _Delay_1us
;__Lib_Lcd.c,109 :: 		
0x0362	0x9A8A      	BCF         LCD_EN, BitPos(LCD_EN+0) 
;__Lib_Lcd.c,110 :: 		
0x0364	0xDE5B      	RCALL       _Delay_5500us
;__Lib_Lcd.c,112 :: 		
0x0366	0x8A8A      	BSF         LCD_EN, BitPos(LCD_EN+0) 
;__Lib_Lcd.c,113 :: 		
0x0368	0xDE69      	RCALL       _Delay_1us
;__Lib_Lcd.c,114 :: 		
0x036A	0x9A8A      	BCF         LCD_EN, BitPos(LCD_EN+0) 
;__Lib_Lcd.c,115 :: 		
0x036C	0xDE57      	RCALL       _Delay_5500us
;__Lib_Lcd.c,117 :: 		
0x036E	0x8A8A      	BSF         LCD_EN, BitPos(LCD_EN+0) 
;__Lib_Lcd.c,118 :: 		
0x0370	0xDE65      	RCALL       _Delay_1us
;__Lib_Lcd.c,119 :: 		
0x0372	0x9A8A      	BCF         LCD_EN, BitPos(LCD_EN+0) 
;__Lib_Lcd.c,120 :: 		
0x0374	0xDE53      	RCALL       _Delay_5500us
;__Lib_Lcd.c,123 :: 		
0x0376	0x908A      	BCF         LCD_D4, BitPos(LCD_D4+0) 
;__Lib_Lcd.c,124 :: 		
0x0378	0x8A8A      	BSF         LCD_EN, BitPos(LCD_EN+0) 
;__Lib_Lcd.c,125 :: 		
0x037A	0xDE60      	RCALL       _Delay_1us
;__Lib_Lcd.c,126 :: 		
0x037C	0x9A8A      	BCF         LCD_EN, BitPos(LCD_EN+0) 
;__Lib_Lcd.c,127 :: 		
0x037E	0xDE4E      	RCALL       _Delay_5500us
;__Lib_Lcd.c,130 :: 		
0x0380	0x8A8A      	BSF         LCD_EN, BitPos(LCD_EN+0) 
;__Lib_Lcd.c,131 :: 		
0x0382	0xDE5C      	RCALL       _Delay_1us
;__Lib_Lcd.c,132 :: 		
0x0384	0x9A8A      	BCF         LCD_EN, BitPos(LCD_EN+0) 
;__Lib_Lcd.c,134 :: 		
0x0386	0x928A      	BCF         LCD_D5, BitPos(LCD_D5+0) 
;__Lib_Lcd.c,135 :: 		
0x0388	0x868A      	BSF         LCD_D7, BitPos(LCD_D7+0) 
;__Lib_Lcd.c,136 :: 		
0x038A	0x8A8A      	BSF         LCD_EN, BitPos(LCD_EN+0) 
;__Lib_Lcd.c,137 :: 		
0x038C	0xDE57      	RCALL       _Delay_1us
;__Lib_Lcd.c,138 :: 		
0x038E	0x9A8A      	BCF         LCD_EN, BitPos(LCD_EN+0) 
;__Lib_Lcd.c,139 :: 		
0x0390	0xDE45      	RCALL       _Delay_5500us
;__Lib_Lcd.c,142 :: 		
0x0392	0x968A      	BCF         LCD_D7, BitPos(LCD_D7+0) 
;__Lib_Lcd.c,143 :: 		
0x0394	0x808A      	BSF         LCD_D4, BitPos(LCD_D4+0) 
;__Lib_Lcd.c,144 :: 		
0x0396	0x8A8A      	BSF         LCD_EN, BitPos(LCD_EN+0) 
;__Lib_Lcd.c,145 :: 		
0x0398	0xDE51      	RCALL       _Delay_1us
;__Lib_Lcd.c,146 :: 		
0x039A	0x9A8A      	BCF         LCD_EN, BitPos(LCD_EN+0) 
;__Lib_Lcd.c,148 :: 		
0x039C	0x908A      	BCF         LCD_D4, BitPos(LCD_D4+0) 
;__Lib_Lcd.c,149 :: 		
0x039E	0x8A8A      	BSF         LCD_EN, BitPos(LCD_EN+0) 
;__Lib_Lcd.c,150 :: 		
0x03A0	0xDE4D      	RCALL       _Delay_1us
;__Lib_Lcd.c,151 :: 		
0x03A2	0x9A8A      	BCF         LCD_EN, BitPos(LCD_EN+0) 
;__Lib_Lcd.c,152 :: 		
0x03A4	0xDE3B      	RCALL       _Delay_5500us
;__Lib_Lcd.c,155 :: 		
0x03A6	0x8A8A      	BSF         LCD_EN, BitPos(LCD_EN+0) 
;__Lib_Lcd.c,156 :: 		
0x03A8	0xDE49      	RCALL       _Delay_1us
;__Lib_Lcd.c,157 :: 		
0x03AA	0x9A8A      	BCF         LCD_EN, BitPos(LCD_EN+0) 
;__Lib_Lcd.c,159 :: 		
0x03AC	0x808A      	BSF         LCD_D4, BitPos(LCD_D4+0) 
;__Lib_Lcd.c,160 :: 		
0x03AE	0x8A8A      	BSF         LCD_EN, BitPos(LCD_EN+0) 
;__Lib_Lcd.c,161 :: 		
0x03B0	0xDE45      	RCALL       _Delay_1us
;__Lib_Lcd.c,162 :: 		
0x03B2	0x9A8A      	BCF         LCD_EN, BitPos(LCD_EN+0) 
;__Lib_Lcd.c,163 :: 		
0x03B4	0xDE33      	RCALL       _Delay_5500us
;__Lib_Lcd.c,166 :: 		
0x03B6	0x908A      	BCF         LCD_D4, BitPos(LCD_D4+0) 
;__Lib_Lcd.c,167 :: 		
0x03B8	0x8A8A      	BSF         LCD_EN, BitPos(LCD_EN+0) 
;__Lib_Lcd.c,168 :: 		
0x03BA	0xDE40      	RCALL       _Delay_1us
;__Lib_Lcd.c,169 :: 		
0x03BC	0x9A8A      	BCF         LCD_EN, BitPos(LCD_EN+0) 
;__Lib_Lcd.c,171 :: 		
0x03BE	0x868A      	BSF         LCD_D7, BitPos(LCD_D7+0) 
;__Lib_Lcd.c,172 :: 		
0x03C0	0x848A      	BSF         LCD_D6, BitPos(LCD_D6+0) 
;__Lib_Lcd.c,173 :: 		
0x03C2	0x828A      	BSF         LCD_D5, BitPos(LCD_D5+0) 
;__Lib_Lcd.c,174 :: 		
0x03C4	0x808A      	BSF         LCD_D4, BitPos(LCD_D4+0) 
;__Lib_Lcd.c,175 :: 		
0x03C6	0x8A8A      	BSF         LCD_EN, BitPos(LCD_EN+0) 
;__Lib_Lcd.c,176 :: 		
0x03C8	0xDE39      	RCALL       _Delay_1us
;__Lib_Lcd.c,177 :: 		
0x03CA	0x9A8A      	BCF         LCD_EN, BitPos(LCD_EN+0) 
;__Lib_Lcd.c,179 :: 		
0x03CC	0xDE27      	RCALL       _Delay_5500us
;__Lib_Lcd.c,181 :: 		
0x03CE	0x8022      	BSF         __Lib_Lcd_cmd_status, BitPos(__Lib_Lcd_cmd_status+0) 
;__Lib_Lcd.c,182 :: 		
L_end_Lcd_Init:
0x03D0	0x0012      	RETURN      0
; end of _Lcd_Init
_Lcd_Out:
;__Lib_Lcd.c,184 :: 		
;__Lib_Lcd.c,187 :: 		
0x03D2	0xD00F      	BRA         L_Lcd_Out11
;__Lib_Lcd.c,188 :: 		
L_Lcd_Out13:
0x03D4	0x0E80      	MOVLW       128
0x03D6	0x6E31      	MOVWF       FARG_Lcd_Out_row 
0x03D8	0xD019      	BRA         L_Lcd_Out12
;__Lib_Lcd.c,189 :: 		
L_Lcd_Out14:
0x03DA	0x0EC0      	MOVLW       192
0x03DC	0x6E31      	MOVWF       FARG_Lcd_Out_row 
0x03DE	0xD016      	BRA         L_Lcd_Out12
;__Lib_Lcd.c,190 :: 		
L_Lcd_Out15:
0x03E0	0x0E94      	MOVLW       148
0x03E2	0x6E31      	MOVWF       FARG_Lcd_Out_row 
0x03E4	0xD013      	BRA         L_Lcd_Out12
;__Lib_Lcd.c,191 :: 		
L_Lcd_Out16:
0x03E6	0x0ED4      	MOVLW       212
0x03E8	0x6E31      	MOVWF       FARG_Lcd_Out_row 
0x03EA	0xD010      	BRA         L_Lcd_Out12
;__Lib_Lcd.c,192 :: 		
L_Lcd_Out17:
0x03EC	0x0E80      	MOVLW       128
0x03EE	0x6E31      	MOVWF       FARG_Lcd_Out_row 
;__Lib_Lcd.c,193 :: 		
0x03F0	0xD00D      	BRA         L_Lcd_Out12
L_Lcd_Out11:
0x03F2	0x5031      	MOVF        FARG_Lcd_Out_row, 0 
0x03F4	0x0A01      	XORLW       1
0x03F6	0xE0EE      	BZ          L_Lcd_Out13
0x03F8	0x5031      	MOVF        FARG_Lcd_Out_row, 0 
0x03FA	0x0A02      	XORLW       2
0x03FC	0xE0EE      	BZ          L_Lcd_Out14
0x03FE	0x5031      	MOVF        FARG_Lcd_Out_row, 0 
0x0400	0x0A03      	XORLW       3
0x0402	0xE0EE      	BZ          L_Lcd_Out15
0x0404	0x5031      	MOVF        FARG_Lcd_Out_row, 0 
0x0406	0x0A04      	XORLW       4
0x0408	0xE0EE      	BZ          L_Lcd_Out16
0x040A	0xD7F0      	BRA         L_Lcd_Out17
L_Lcd_Out12:
;__Lib_Lcd.c,194 :: 		
0x040C	0x0432      	DECF        FARG_Lcd_Out_column, 0 
0x040E	0x6E00      	MOVWF       R0 
0x0410	0x5031      	MOVF        FARG_Lcd_Out_row, 0 
0x0412	0x2600      	ADDWF       R0, 1 
0x0414	0xF031C000  	MOVFF       R0, FARG_Lcd_Out_row
;__Lib_Lcd.c,196 :: 		
0x0418	0xF037C000  	MOVFF       R0, FARG_Lcd_Cmd_out_char
0x041C	0xDE26      	RCALL       _Lcd_Cmd
;__Lib_Lcd.c,197 :: 		
0x041E	0x9022      	BCF         __Lib_Lcd_cmd_status, BitPos(__Lib_Lcd_cmd_status+0) 
;__Lib_Lcd.c,198 :: 		
0x0420	0x6A35      	CLRF        Lcd_Out_i_L0 
;__Lib_Lcd.c,199 :: 		
L_Lcd_Out18:
0x0422	0x5035      	MOVF        Lcd_Out_i_L0, 0 
0x0424	0x2433      	ADDWF       FARG_Lcd_Out_text, 0 
0x0426	0x6EE9      	MOVWF       FSR0L 
0x0428	0x0E00      	MOVLW       0
0x042A	0x2034      	ADDWFC      FARG_Lcd_Out_text+1, 0 
0x042C	0x6EEA      	MOVWF       FSR0L+1 
0x042E	0x52EE      	MOVF        POSTINC0, 1 
0x0430	0xE00B      	BZ          L_Lcd_Out19
;__Lib_Lcd.c,200 :: 		
0x0432	0x5035      	MOVF        Lcd_Out_i_L0, 0 
0x0434	0x2433      	ADDWF       FARG_Lcd_Out_text, 0 
0x0436	0x6EE9      	MOVWF       FSR0L 
0x0438	0x0E00      	MOVLW       0
0x043A	0x2034      	ADDWFC      FARG_Lcd_Out_text+1, 0 
0x043C	0x6EEA      	MOVWF       FSR0L+1 
0x043E	0xF036CFEE  	MOVFF       POSTINC0, FARG_Lcd_Chr_CP_out_char
0x0442	0xDE81      	RCALL       _Lcd_Chr_CP
0x0444	0x2A35      	INCF        Lcd_Out_i_L0, 1 
0x0446	0xD7ED      	BRA         L_Lcd_Out18
L_Lcd_Out19:
;__Lib_Lcd.c,201 :: 		
0x0448	0x8022      	BSF         __Lib_Lcd_cmd_status, BitPos(__Lib_Lcd_cmd_status+0) 
;__Lib_Lcd.c,202 :: 		
L_end_Lcd_Out:
0x044A	0x0012      	RETURN      0
; end of _Lcd_Out
_word2double:
;__Lib_MathDouble.c,2335 :: 		
;__Lib_MathDouble.c,2344 :: 		
0x044C	0x5000      	MOVF        R0, 0, 0
;__Lib_MathDouble.c,2345 :: 		
0x044E	0x6E08      	MOVWF       R8, 0
;__Lib_MathDouble.c,2346 :: 		
0x0450	0x5001      	MOVF        R1, 0, 0
;__Lib_MathDouble.c,2347 :: 		
0x0452	0x6E00      	MOVWF       R0, 0
;__Lib_MathDouble.c,2348 :: 		
0x0454	0x6A01      	CLRF        R1, 0
;__Lib_MathDouble.c,2349 :: 		
0x0456	0x6A02      	CLRF        R2, 0
;__Lib_MathDouble.c,2350 :: 		
0x0458	0x6A03      	CLRF        R3, 0
;__Lib_MathDouble.c,2353 :: 		
0x045A	0x6A0B      	CLRF        R11, 0
;__Lib_MathDouble.c,2354 :: 		
0x045C	0x6A0C      	CLRF        R12, 0
;__Lib_MathDouble.c,2356 :: 		
0x045E	0x0E96      	MOVLW       150
;__Lib_MathDouble.c,2357 :: 		
0x0460	0x6E03      	MOVWF       R3, 0
;__Lib_MathDouble.c,2358 :: 		
0x0462	0x6A0A      	CLRF        R10, 0
;__Lib_MathDouble.c,2360 :: 		
0x0464	0xF001C000  	MOVFF       R0, R1
;__Lib_MathDouble.c,2361 :: 		
0x0468	0xF000C008  	MOVFF       R8, R0
;__Lib_MathDouble.c,2362 :: 		
0x046C	0x6A08      	CLRF        R8, 0
;__Lib_MathDouble.c,2363 :: 		
0x046E	0x6A02      	CLRF        R2, 0
;__Lib_MathDouble.c,2365 :: 		
0x0470	0xDE94      	RCALL       _NRM3232
;__Lib_MathDouble.c,2366 :: 		
L_end_word2double:
0x0472	0x0012      	RETURN      0
; end of _word2double
_Div_32x32_FP:
;__Lib_MathDouble.c,1325 :: 		
;__Lib_MathDouble.c,1339 :: 		
0x0474	0x5004      	MOVF        R4, 0 
0x0476	0x0A00      	XORLW       0
0x0478	0xE112      	BNZ         L_Div_32x32_FP11
;__Lib_MathDouble.c,1340 :: 		
0x047A	0x5005      	MOVF        R5, 0 
0x047C	0x0A00      	XORLW       0
0x047E	0xE10F      	BNZ         L_Div_32x32_FP12
;__Lib_MathDouble.c,1341 :: 		
0x0480	0x5006      	MOVF        R6, 0 
0x0482	0x0A00      	XORLW       0
0x0484	0xE10C      	BNZ         L_Div_32x32_FP13
;__Lib_MathDouble.c,1342 :: 		
0x0486	0x5007      	MOVF        R7, 0 
0x0488	0x0A00      	XORLW       0
0x048A	0xE109      	BNZ         L_Div_32x32_FP14
;__Lib_MathDouble.c,1343 :: 		
0x048C	0x0EFF      	MOVLW       255
0x048E	0x6E00      	MOVWF       R0 
;__Lib_MathDouble.c,1344 :: 		
0x0490	0x0EFF      	MOVLW       255
0x0492	0x6E01      	MOVWF       R1 
;__Lib_MathDouble.c,1345 :: 		
0x0494	0x0E7F      	MOVLW       127
0x0496	0x6E02      	MOVWF       R2 
;__Lib_MathDouble.c,1346 :: 		
0x0498	0x0EFF      	MOVLW       255
0x049A	0x6E03      	MOVWF       R3 
;__Lib_MathDouble.c,1347 :: 		
0x049C	0xD0A4      	BRA         L_end_Div_32x32_FP
;__Lib_MathDouble.c,1348 :: 		
L_Div_32x32_FP14:
L_Div_32x32_FP13:
L_Div_32x32_FP12:
L_Div_32x32_FP11:
;__Lib_MathDouble.c,1353 :: 		
0x049E	0x6A08      	CLRF        R8, 0
;__Lib_MathDouble.c,1354 :: 		
0x04A0	0x6A09      	CLRF        R9, 0
;__Lib_MathDouble.c,1356 :: 		
0x04A2	0x5007      	MOVF        R7, 0, 0
;__Lib_MathDouble.c,1357 :: 		
0x04A4	0xB4D8      	BTFSC       STATUS, 2, 0
;__Lib_MathDouble.c,1358 :: 		
0x04A6	0xF002EFE5  	GOTO        JPDSETFDZ32
;__Lib_MathDouble.c,1360 :: 		
0x04AA	0x5003      	MOVF        R3, 0, 0
;__Lib_MathDouble.c,1361 :: 		
0x04AC	0xB4D8      	BTFSC       STATUS, 2, 0
;__Lib_MathDouble.c,1362 :: 		
0x04AE	0xF002EFE9  	GOTO        JPDRES032
;__Lib_MathDouble.c,1364 :: 		
0x04B2	0x5002      	MOVF        R2, 0, 0
;__Lib_MathDouble.c,1365 :: 		
0x04B4	0x1806      	XORWF       R6, 0, 0
;__Lib_MathDouble.c,1366 :: 		
0x04B6	0x6E0A      	MOVWF       R10, 0
;__Lib_MathDouble.c,1367 :: 		
0x04B8	0x8E02      	BSF         R2, 7, 0
;__Lib_MathDouble.c,1368 :: 		
0x04BA	0x8E06      	BSF         R6, 7, 0
;__Lib_MathDouble.c,1370 :: 		
0x04BC	0x6A0E      	CLRF        R14, 0
;__Lib_MathDouble.c,1371 :: 		
0x04BE	0xF008C002  	MOVFF       R2, R8
;__Lib_MathDouble.c,1372 :: 		
0x04C2	0xF00CC001  	MOVFF       R1, R12
;__Lib_MathDouble.c,1373 :: 		
0x04C6	0xF00DC000  	MOVFF       R0, R13
;__Lib_MathDouble.c,1375 :: 		
0x04CA	0x5004      	MOVF        R4, 0, 0
;__Lib_MathDouble.c,1376 :: 		
0x04CC	0x5E0D      	SUBWF       R13, 1, 0
;__Lib_MathDouble.c,1377 :: 		
0x04CE	0x5005      	MOVF        R5, 0, 0
;__Lib_MathDouble.c,1378 :: 		
0x04D0	0xA0D8      	BTFSS       STATUS, 0, 0
;__Lib_MathDouble.c,1379 :: 		
0x04D2	0x3C05      	INCFSZ      R5, 0, 0
;__Lib_MathDouble.c,1381 :: 		
0x04D4	0x5E0C      	SUBWF       R12, 1, 0
;__Lib_MathDouble.c,1382 :: 		
0x04D6	0x5006      	MOVF        R6, 0, 0
;__Lib_MathDouble.c,1383 :: 		
0x04D8	0xA0D8      	BTFSS       STATUS, 0, 0
;__Lib_MathDouble.c,1384 :: 		
0x04DA	0x3C06      	INCFSZ      R6, 0, 0
;__Lib_MathDouble.c,1386 :: 		
0x04DC	0x5E08      	SUBWF       R8, 1, 0
;__Lib_MathDouble.c,1387 :: 		
0x04DE	0x6A08      	CLRF        R8, 0
;__Lib_MathDouble.c,1388 :: 		
0x04E0	0x6A0C      	CLRF        R12, 0
;__Lib_MathDouble.c,1389 :: 		
0x04E2	0x6A0D      	CLRF        R13, 0
;__Lib_MathDouble.c,1390 :: 		
0x04E4	0xA0D8      	BTFSS       STATUS, 0, 0
;__Lib_MathDouble.c,1391 :: 		
0x04E6	0xF002EF7C  	GOTO        DALIGN32OK
;__Lib_MathDouble.c,1393 :: 		
0x04EA	0x90D8      	BCF         STATUS, 0, 0
;__Lib_MathDouble.c,1394 :: 		
0x04EC	0x3202      	RRCF        R2, 1, 0
;__Lib_MathDouble.c,1395 :: 		
0x04EE	0x3201      	RRCF        R1, 1, 0
;__Lib_MathDouble.c,1396 :: 		
0x04F0	0x3200      	RRCF        R0, 1, 0
;__Lib_MathDouble.c,1397 :: 		
0x04F2	0x3208      	RRCF        R8, 1, 0
;__Lib_MathDouble.c,1398 :: 		
0x04F4	0x0E01      	MOVLW       1
;__Lib_MathDouble.c,1399 :: 		
0x04F6	0x6E0E      	MOVWF       R14, 0
;__Lib_MathDouble.c,1400 :: 		
DALIGN32OK:
;__Lib_MathDouble.c,1401 :: 		
0x04F8	0x5007      	MOVF        R7, 0, 0
;__Lib_MathDouble.c,1402 :: 		
0x04FA	0x5E03      	SUBWF       R3, 1, 0
;__Lib_MathDouble.c,1403 :: 		
0x04FC	0xA0D8      	BTFSS       STATUS, 0, 0
;__Lib_MathDouble.c,1404 :: 		
0x04FE	0xF002EF89  	GOTO        ALTB32
;__Lib_MathDouble.c,1406 :: 		
0x0502	0x0E7E      	MOVLW       126
;__Lib_MathDouble.c,1407 :: 		
0x0504	0x240E      	ADDWF       R14, 0, 0
;__Lib_MathDouble.c,1408 :: 		
0x0506	0x2603      	ADDWF       R3, 1, 0
;__Lib_MathDouble.c,1409 :: 		
0x0508	0xB0D8      	BTFSC       STATUS, 0, 0
;__Lib_MathDouble.c,1410 :: 		
0x050A	0xF002EFED  	GOTO        JPDSETFOV32
;__Lib_MathDouble.c,1411 :: 		
0x050E	0xF002EF8F  	GOTO        DARGOK32
;__Lib_MathDouble.c,1412 :: 		
ALTB32:
;__Lib_MathDouble.c,1413 :: 		
0x0512	0x0E7E      	MOVLW       126
;__Lib_MathDouble.c,1414 :: 		
0x0514	0x240E      	ADDWF       R14, 0, 0
;__Lib_MathDouble.c,1415 :: 		
0x0516	0x2603      	ADDWF       R3, 1, 0
;__Lib_MathDouble.c,1416 :: 		
0x0518	0xA0D8      	BTFSS       STATUS, 0, 0
;__Lib_MathDouble.c,1417 :: 		
0x051A	0xF002EFF1  	GOTO        JPDSETFUN32
;__Lib_MathDouble.c,1418 :: 		
DARGOK32:
;__Lib_MathDouble.c,1419 :: 		
0x051E	0x0E18      	MOVLW       24
;__Lib_MathDouble.c,1420 :: 		
0x0520	0x6E0B      	MOVWF       R11, 0
;__Lib_MathDouble.c,1421 :: 		
DLOOP32:
;__Lib_MathDouble.c,1422 :: 		
0x0522	0x360D      	RLCF        R13, 1, 0
;__Lib_MathDouble.c,1423 :: 		
0x0524	0x360C      	RLCF        R12, 1, 0
;__Lib_MathDouble.c,1424 :: 		
0x0526	0x3608      	RLCF        R8, 1, 0
;__Lib_MathDouble.c,1425 :: 		
0x0528	0x3600      	RLCF        R0, 1, 0
;__Lib_MathDouble.c,1426 :: 		
0x052A	0x3601      	RLCF        R1, 1, 0
;__Lib_MathDouble.c,1427 :: 		
0x052C	0x3602      	RLCF        R2, 1, 0
;__Lib_MathDouble.c,1428 :: 		
0x052E	0x360E      	RLCF        R14, 1, 0
;__Lib_MathDouble.c,1430 :: 		
0x0530	0x5004      	MOVF        R4, 0, 0
;__Lib_MathDouble.c,1431 :: 		
0x0532	0x5E00      	SUBWF       R0, 1, 0
;__Lib_MathDouble.c,1432 :: 		
0x0534	0x5005      	MOVF        R5, 0, 0
;__Lib_MathDouble.c,1433 :: 		
0x0536	0xA0D8      	BTFSS       STATUS, 0, 0
;__Lib_MathDouble.c,1434 :: 		
0x0538	0x3C05      	INCFSZ      R5, 0, 0
;__Lib_MathDouble.c,1436 :: 		
0x053A	0x5E01      	SUBWF       R1, 1, 0
;__Lib_MathDouble.c,1437 :: 		
0x053C	0x5006      	MOVF        R6, 0, 0
;__Lib_MathDouble.c,1438 :: 		
0x053E	0xA0D8      	BTFSS       STATUS, 0, 0
;__Lib_MathDouble.c,1439 :: 		
0x0540	0x3C06      	INCFSZ      R6, 0, 0
;__Lib_MathDouble.c,1441 :: 		
0x0542	0x5E02      	SUBWF       R2, 1, 0
;__Lib_MathDouble.c,1442 :: 		
0x0544	0x3406      	RLCF        R6, 0, 0
;__Lib_MathDouble.c,1443 :: 		
0x0546	0x120E      	IORWF       R14, 1, 0
;__Lib_MathDouble.c,1444 :: 		
0x0548	0xA00E      	BTFSS       R14, 0, 0
;__Lib_MathDouble.c,1445 :: 		
0x054A	0xF002EFAA  	GOTO        DREST32
;__Lib_MathDouble.c,1446 :: 		
0x054E	0x800D      	BSF         R13, 0, 0
;__Lib_MathDouble.c,1447 :: 		
0x0550	0xF002EFB5  	GOTO        DOK32
;__Lib_MathDouble.c,1448 :: 		
DREST32:
;__Lib_MathDouble.c,1449 :: 		
0x0554	0x5004      	MOVF        R4, 0, 0
;__Lib_MathDouble.c,1450 :: 		
0x0556	0x2600      	ADDWF       R0, 1, 0
;__Lib_MathDouble.c,1451 :: 		
0x0558	0x5005      	MOVF        R5, 0, 0
;__Lib_MathDouble.c,1452 :: 		
0x055A	0xB0D8      	BTFSC       STATUS, 0, 0
;__Lib_MathDouble.c,1453 :: 		
0x055C	0x3C05      	INCFSZ      R5, 0, 0
;__Lib_MathDouble.c,1455 :: 		
0x055E	0x2601      	ADDWF       R1, 1, 0
;__Lib_MathDouble.c,1456 :: 		
0x0560	0x5006      	MOVF        R6, 0, 0
;__Lib_MathDouble.c,1457 :: 		
0x0562	0xB0D8      	BTFSC       STATUS, 0, 0
;__Lib_MathDouble.c,1458 :: 		
0x0564	0x2806      	INCF        R6, 0, 0
;__Lib_MathDouble.c,1459 :: 		
0x0566	0x2602      	ADDWF       R2, 1, 0
;__Lib_MathDouble.c,1460 :: 		
0x0568	0x900D      	BCF         R13, 0, 0
;__Lib_MathDouble.c,1461 :: 		
DOK32:
;__Lib_MathDouble.c,1462 :: 		
0x056A	0x2E0B      	DECFSZ      R11, 1, 0
;__Lib_MathDouble.c,1463 :: 		
0x056C	0xF002EF91  	GOTO        DLOOP32
;__Lib_MathDouble.c,1467 :: 		
0x0570	0xF002EFDB  	GOTO        DIV32OK
;__Lib_MathDouble.c,1468 :: 		
0x0574	0x90D8      	BCF         STATUS, 0, 0
;__Lib_MathDouble.c,1469 :: 		
0x0576	0x3600      	RLCF        R0, 1, 0
;__Lib_MathDouble.c,1470 :: 		
0x0578	0x3601      	RLCF        R1, 1, 0
;__Lib_MathDouble.c,1471 :: 		
0x057A	0x3602      	RLCF        R2, 1, 0
;__Lib_MathDouble.c,1472 :: 		
0x057C	0x360E      	RLCF        R14, 1, 0
;__Lib_MathDouble.c,1474 :: 		
0x057E	0x5004      	MOVF        R4, 0, 0
;__Lib_MathDouble.c,1475 :: 		
0x0580	0x5E00      	SUBWF       R0, 1, 0
;__Lib_MathDouble.c,1476 :: 		
0x0582	0x5005      	MOVF        R5, 0, 0
;__Lib_MathDouble.c,1477 :: 		
0x0584	0xA0D8      	BTFSS       STATUS, 0, 0
;__Lib_MathDouble.c,1478 :: 		
0x0586	0x3C05      	INCFSZ      R5, 0, 0
;__Lib_MathDouble.c,1479 :: 		
0x0588	0x5E01      	SUBWF       R1, 1, 0
;__Lib_MathDouble.c,1480 :: 		
0x058A	0x5006      	MOVF        R6, 0, 0
;__Lib_MathDouble.c,1481 :: 		
0x058C	0xA0D8      	BTFSS       STATUS, 0, 0
;__Lib_MathDouble.c,1482 :: 		
0x058E	0x3C06      	INCFSZ      R6, 0, 0
;__Lib_MathDouble.c,1483 :: 		
0x0590	0x5E02      	SUBWF       R2, 1, 0
;__Lib_MathDouble.c,1484 :: 		
0x0592	0x3406      	RLCF        R6, 0, 0
;__Lib_MathDouble.c,1485 :: 		
0x0594	0x100E      	IORWF       R14, 0, 0
;__Lib_MathDouble.c,1486 :: 		
0x0596	0x0B01      	ANDLW       1
;__Lib_MathDouble.c,1487 :: 		
0x0598	0x260D      	ADDWF       R13, 1, 0
;__Lib_MathDouble.c,1488 :: 		
0x059A	0xB0D8      	BTFSC       STATUS, 0, 0
;__Lib_MathDouble.c,1489 :: 		
0x059C	0x2A0C      	INCF        R12, 1, 0
;__Lib_MathDouble.c,1490 :: 		
0x059E	0xB4D8      	BTFSC       STATUS, 2, 0
;__Lib_MathDouble.c,1491 :: 		
0x05A0	0x2A08      	INCF        R8, 1, 0
;__Lib_MathDouble.c,1492 :: 		
0x05A2	0xA4D8      	BTFSS       STATUS, 2, 0
;__Lib_MathDouble.c,1493 :: 		
0x05A4	0xF002EFDB  	GOTO        DIV32OK
;__Lib_MathDouble.c,1494 :: 		
0x05A8	0x3208      	RRCF        R8, 1, 0
;__Lib_MathDouble.c,1495 :: 		
0x05AA	0x320C      	RRCF        R12, 1, 0
;__Lib_MathDouble.c,1496 :: 		
0x05AC	0x320D      	RRCF        R13, 1, 0
;__Lib_MathDouble.c,1497 :: 		
0x05AE	0x2A03      	INCF        R3, 1, 0
;__Lib_MathDouble.c,1498 :: 		
0x05B0	0xB4D8      	BTFSC       STATUS, 2, 0
;__Lib_MathDouble.c,1499 :: 		
0x05B2	0xF002EFED  	GOTO        JPDSETFOV32
;__Lib_MathDouble.c,1500 :: 		
DIV32OK:
;__Lib_MathDouble.c,1501 :: 		
0x05B6	0xAE0A      	BTFSS       R10, 7, 0
;__Lib_MathDouble.c,1502 :: 		
0x05B8	0x9E08      	BCF         R8, 7, 0
;__Lib_MathDouble.c,1503 :: 		
0x05BA	0x5008      	MOVF        R8, 0, 0
;__Lib_MathDouble.c,1504 :: 		
0x05BC	0x6E02      	MOVWF       R2, 0
;__Lib_MathDouble.c,1505 :: 		
0x05BE	0x500C      	MOVF        R12, 0, 0
;__Lib_MathDouble.c,1506 :: 		
0x05C0	0x6E01      	MOVWF       R1, 0
;__Lib_MathDouble.c,1507 :: 		
0x05C2	0x500D      	MOVF        R13, 0, 0
;__Lib_MathDouble.c,1508 :: 		
0x05C4	0x6E00      	MOVWF       R0, 0
;__Lib_MathDouble.c,1511 :: 		
0x05C6	0xF002EFF3  	GOTO        DIV32EEE
;__Lib_MathDouble.c,1512 :: 		
JPDSETFDZ32:
;__Lib_MathDouble.c,1513 :: 		
0x05CA	0x0E01      	MOVLW       1
;__Lib_MathDouble.c,1516 :: 		
0x05CC	0xDDC8      	RCALL       _SETFDZ32
;__Lib_MathDouble.c,1518 :: 		
0x05CE	0xF002EFF3  	GOTO        DIV32EEE
;__Lib_MathDouble.c,1519 :: 		
JPDRES032:
;__Lib_MathDouble.c,1520 :: 		
0x05D2	0x0E02      	MOVLW       2
;__Lib_MathDouble.c,1523 :: 		
0x05D4	0xDD43      	RCALL       _RES032
;__Lib_MathDouble.c,1525 :: 		
0x05D6	0xF002EFF3  	GOTO        DIV32EEE
;__Lib_MathDouble.c,1526 :: 		
JPDSETFOV32:
;__Lib_MathDouble.c,1527 :: 		
0x05DA	0x0E04      	MOVLW       4
;__Lib_MathDouble.c,1530 :: 		
0x05DC	0xDDD2      	RCALL       _SETFOV32
;__Lib_MathDouble.c,1532 :: 		
0x05DE	0xF002EFF3  	GOTO        DIV32EEE
;__Lib_MathDouble.c,1533 :: 		
JPDSETFUN32:
;__Lib_MathDouble.c,1534 :: 		
0x05E2	0x0E08      	MOVLW       8
;__Lib_MathDouble.c,1537 :: 		
0x05E4	0xDD2E      	RCALL       _SETFUN32
;__Lib_MathDouble.c,1539 :: 		
DIV32EEE:
;__Lib_MathDouble.c,1547 :: 		
L_end_Div_32x32_FP:
0x05E6	0x0012      	RETURN      0
; end of _Div_32x32_FP
_Mul_32x32_FP:
;__Lib_MathDouble.c,1130 :: 		
;__Lib_MathDouble.c,1148 :: 		
0x05E8	0x6A08      	CLRF        R8, 0
;__Lib_MathDouble.c,1149 :: 		
0x05EA	0x6A09      	CLRF        R9, 0
;__Lib_MathDouble.c,1151 :: 		
0x05EC	0x0E00      	MOVLW       0
;__Lib_MathDouble.c,1152 :: 		
0x05EE	0x6207      	CPFSEQ      R7, 0
;__Lib_MathDouble.c,1153 :: 		
0x05F0	0x6403      	CPFSGT      R3, 0
;__Lib_MathDouble.c,1154 :: 		
0x05F2	0xF003EF79  	GOTO        MULJPRES032
;__Lib_MathDouble.c,1157 :: 		
0x05F6	0x5002      	MOVF        R2, 0, 0
;__Lib_MathDouble.c,1158 :: 		
0x05F8	0x1806      	XORWF       R6, 0, 0
;__Lib_MathDouble.c,1159 :: 		
0x05FA	0x6E0A      	MOVWF       R10, 0
;__Lib_MathDouble.c,1161 :: 		
0x05FC	0x5007      	MOVF        R7, 0, 0
;__Lib_MathDouble.c,1162 :: 		
0x05FE	0x2603      	ADDWF       R3, 1, 0
;__Lib_MathDouble.c,1163 :: 		
0x0600	0x0E7E      	MOVLW       126
;__Lib_MathDouble.c,1164 :: 		
0x0602	0xA0D8      	BTFSS       STATUS, 0, 0
;__Lib_MathDouble.c,1165 :: 		
0x0604	0xF003EF0A  	GOTO        MTUN32
;__Lib_MathDouble.c,1167 :: 		
0x0608	0x5E03      	SUBWF       R3, 1, 0
;__Lib_MathDouble.c,1168 :: 		
0x060A	0xB0D8      	BTFSC       STATUS, 0, 0
;__Lib_MathDouble.c,1169 :: 		
0x060C	0xF003EF7D  	GOTO        MULJPSETFOV32
;__Lib_MathDouble.c,1170 :: 		
0x0610	0xF003EF0E  	GOTO        MOK32
;__Lib_MathDouble.c,1172 :: 		
MTUN32:
;__Lib_MathDouble.c,1173 :: 		
0x0614	0x5E03      	SUBWF       R3, 1, 0
;__Lib_MathDouble.c,1174 :: 		
0x0616	0xA0D8      	BTFSS       STATUS, 0, 0
;__Lib_MathDouble.c,1175 :: 		
0x0618	0xF003EF81  	GOTO        MULJPSETFUN32
;__Lib_MathDouble.c,1177 :: 		
MOK32:
;__Lib_MathDouble.c,1178 :: 		
0x061C	0x8E02      	BSF         R2, 7, 0
;__Lib_MathDouble.c,1179 :: 		
0x061E	0x8E06      	BSF         R6, 7, 0
;__Lib_MathDouble.c,1181 :: 		
0x0620	0xF00EC002  	MOVFF       R2, R14
;__Lib_MathDouble.c,1182 :: 		
0x0624	0xF00BC001  	MOVFF       R1, R11
;__Lib_MathDouble.c,1183 :: 		
0x0628	0xF00DC000  	MOVFF       R0, R13
;__Lib_MathDouble.c,1185 :: 		
0x062C	0x5000      	MOVF        R0, 0, 0
;__Lib_MathDouble.c,1186 :: 		
0x062E	0x0204      	MULWF       R4, 0
;__Lib_MathDouble.c,1187 :: 		
0x0630	0xF00CCFF4  	MOVFF       PRODH, R12
;__Lib_MathDouble.c,1189 :: 		
0x0634	0x5001      	MOVF        R1, 0, 0
;__Lib_MathDouble.c,1190 :: 		
0x0636	0x0205      	MULWF       R5, 0
;__Lib_MathDouble.c,1191 :: 		
0x0638	0xF000CFF4  	MOVFF       PRODH, R0
;__Lib_MathDouble.c,1192 :: 		
0x063C	0xF008CFF3  	MOVFF       PRODL, R8
;__Lib_MathDouble.c,1194 :: 		
0x0640	0x0204      	MULWF       R4, 0
;__Lib_MathDouble.c,1195 :: 		
0x0642	0x50F3      	MOVF        PRODL, 0, 0
;__Lib_MathDouble.c,1196 :: 		
0x0644	0x260C      	ADDWF       R12, 1, 0
;__Lib_MathDouble.c,1197 :: 		
0x0646	0x50F4      	MOVF        PRODH, 0, 0
;__Lib_MathDouble.c,1198 :: 		
0x0648	0x2208      	ADDWFC      R8, 1, 0
;__Lib_MathDouble.c,1199 :: 		
0x064A	0x0E00      	MOVLW       0
;__Lib_MathDouble.c,1200 :: 		
0x064C	0x2200      	ADDWFC      R0, 1, 0
;__Lib_MathDouble.c,1202 :: 		
0x064E	0x500D      	MOVF        R13, 0, 0
;__Lib_MathDouble.c,1203 :: 		
0x0650	0x0205      	MULWF       R5, 0
;__Lib_MathDouble.c,1204 :: 		
0x0652	0x50F3      	MOVF        PRODL, 0, 0
;__Lib_MathDouble.c,1205 :: 		
0x0654	0x260C      	ADDWF       R12, 1, 0
;__Lib_MathDouble.c,1206 :: 		
0x0656	0x50F4      	MOVF        PRODH, 0, 0
;__Lib_MathDouble.c,1207 :: 		
0x0658	0x2208      	ADDWFC      R8, 1, 0
;__Lib_MathDouble.c,1208 :: 		
0x065A	0x0E00      	MOVLW       0
;__Lib_MathDouble.c,1209 :: 		
0x065C	0x2200      	ADDWFC      R0, 1, 0
;__Lib_MathDouble.c,1211 :: 		
0x065E	0x5002      	MOVF        R2, 0, 0
;__Lib_MathDouble.c,1212 :: 		
0x0660	0x0204      	MULWF       R4, 0
;__Lib_MathDouble.c,1213 :: 		
0x0662	0x50F3      	MOVF        PRODL, 0, 0
;__Lib_MathDouble.c,1214 :: 		
0x0664	0x2608      	ADDWF       R8, 1, 0
;__Lib_MathDouble.c,1215 :: 		
0x0666	0x50F4      	MOVF        PRODH, 0, 0
;__Lib_MathDouble.c,1216 :: 		
0x0668	0x2200      	ADDWFC      R0, 1, 0
;__Lib_MathDouble.c,1217 :: 		
0x066A	0x5002      	MOVF        R2, 0, 0
;__Lib_MathDouble.c,1218 :: 		
0x066C	0x0205      	MULWF       R5, 0
;__Lib_MathDouble.c,1219 :: 		
0x066E	0x6A01      	CLRF        R1, 0
;__Lib_MathDouble.c,1220 :: 		
0x0670	0x0E00      	MOVLW       0
;__Lib_MathDouble.c,1221 :: 		
0x0672	0x2201      	ADDWFC      R1, 1, 0
;__Lib_MathDouble.c,1222 :: 		
0x0674	0x50F3      	MOVF        PRODL, 0, 0
;__Lib_MathDouble.c,1223 :: 		
0x0676	0x2600      	ADDWF       R0, 1, 0
;__Lib_MathDouble.c,1224 :: 		
0x0678	0x50F4      	MOVF        PRODH, 0, 0
;__Lib_MathDouble.c,1225 :: 		
0x067A	0x2201      	ADDWFC      R1, 1, 0
;__Lib_MathDouble.c,1227 :: 		
0x067C	0x500D      	MOVF        R13, 0, 0
;__Lib_MathDouble.c,1228 :: 		
0x067E	0x0206      	MULWF       R6, 0
;__Lib_MathDouble.c,1229 :: 		
0x0680	0x50F3      	MOVF        PRODL, 0, 0
;__Lib_MathDouble.c,1230 :: 		
0x0682	0x2608      	ADDWF       R8, 1, 0
;__Lib_MathDouble.c,1231 :: 		
0x0684	0x50F4      	MOVF        PRODH, 0, 0
;__Lib_MathDouble.c,1232 :: 		
0x0686	0x2200      	ADDWFC      R0, 1, 0
;__Lib_MathDouble.c,1233 :: 		
0x0688	0x6A02      	CLRF        R2, 0
;__Lib_MathDouble.c,1234 :: 		
0x068A	0x0E00      	MOVLW       0
;__Lib_MathDouble.c,1235 :: 		
0x068C	0x2201      	ADDWFC      R1, 1, 0
;__Lib_MathDouble.c,1236 :: 		
0x068E	0x2202      	ADDWFC      R2, 1, 0
;__Lib_MathDouble.c,1238 :: 		
0x0690	0x500B      	MOVF        R11, 0, 0
;__Lib_MathDouble.c,1239 :: 		
0x0692	0x0206      	MULWF       R6, 0
;__Lib_MathDouble.c,1240 :: 		
0x0694	0x50F3      	MOVF        PRODL, 0, 0
;__Lib_MathDouble.c,1241 :: 		
0x0696	0x2600      	ADDWF       R0, 1, 0
;__Lib_MathDouble.c,1242 :: 		
0x0698	0x50F4      	MOVF        PRODH, 0, 0
;__Lib_MathDouble.c,1243 :: 		
0x069A	0x2201      	ADDWFC      R1, 1, 0
;__Lib_MathDouble.c,1244 :: 		
0x069C	0x0E00      	MOVLW       0
;__Lib_MathDouble.c,1245 :: 		
0x069E	0x2202      	ADDWFC      R2, 1, 0
;__Lib_MathDouble.c,1247 :: 		
0x06A0	0x500E      	MOVF        R14, 0, 0
;__Lib_MathDouble.c,1248 :: 		
0x06A2	0x0206      	MULWF       R6, 0
;__Lib_MathDouble.c,1249 :: 		
0x06A4	0x50F3      	MOVF        PRODL, 0, 0
;__Lib_MathDouble.c,1250 :: 		
0x06A6	0x2601      	ADDWF       R1, 1, 0
;__Lib_MathDouble.c,1251 :: 		
0x06A8	0x50F4      	MOVF        PRODH, 0, 0
;__Lib_MathDouble.c,1252 :: 		
0x06AA	0x2202      	ADDWFC      R2, 1, 0
;__Lib_MathDouble.c,1254 :: 		
0x06AC	0xBE02      	BTFSC       R2, 7, 0
;__Lib_MathDouble.c,1255 :: 		
0x06AE	0xF003EF61  	GOTO        MROUND32
;__Lib_MathDouble.c,1256 :: 		
0x06B2	0x3608      	RLCF        R8, 1, 0
;__Lib_MathDouble.c,1257 :: 		
0x06B4	0x3600      	RLCF        R0, 1, 0
;__Lib_MathDouble.c,1258 :: 		
0x06B6	0x3601      	RLCF        R1, 1, 0
;__Lib_MathDouble.c,1259 :: 		
0x06B8	0x3602      	RLCF        R2, 1, 0
;__Lib_MathDouble.c,1260 :: 		
0x06BA	0x0603      	DECF        R3, 1, 0
;__Lib_MathDouble.c,1261 :: 		
0x06BC	0xB4D8      	BTFSC       STATUS, 2, 0
;__Lib_MathDouble.c,1262 :: 		
0x06BE	0xF003EF81  	GOTO        MULJPSETFUN32
;__Lib_MathDouble.c,1264 :: 		
MROUND32:
;__Lib_MathDouble.c,1267 :: 		
0x06C2	0xF003EF74  	GOTO        MUL32OK
;__Lib_MathDouble.c,1268 :: 		
0x06C6	0x80D8      	BSF         STATUS, 0, 0
;__Lib_MathDouble.c,1269 :: 		
0x06C8	0x0E80      	MOVLW       128
;__Lib_MathDouble.c,1270 :: 		
0x06CA	0x6408      	CPFSGT      R8, 0
;__Lib_MathDouble.c,1271 :: 		
0x06CC	0x3000      	RRCF        R0, 0, 0
;__Lib_MathDouble.c,1272 :: 		
0x06CE	0x0E00      	MOVLW       0
;__Lib_MathDouble.c,1273 :: 		
0x06D0	0x2200      	ADDWFC      R0, 1, 0
;__Lib_MathDouble.c,1274 :: 		
0x06D2	0x2201      	ADDWFC      R1, 1, 0
;__Lib_MathDouble.c,1275 :: 		
0x06D4	0x2202      	ADDWFC      R2, 1, 0
;__Lib_MathDouble.c,1277 :: 		
0x06D6	0xA0D8      	BTFSS       STATUS, 0, 0
;__Lib_MathDouble.c,1278 :: 		
0x06D8	0xF003EF74  	GOTO        MUL32OK
;__Lib_MathDouble.c,1279 :: 		
0x06DC	0x3202      	RRCF        R2, 1, 0
;__Lib_MathDouble.c,1280 :: 		
0x06DE	0x3201      	RRCF        R1, 1, 0
;__Lib_MathDouble.c,1281 :: 		
0x06E0	0x3200      	RRCF        R0, 1, 0
;__Lib_MathDouble.c,1282 :: 		
0x06E2	0x4A03      	INFSNZ      R3, 1, 0
;__Lib_MathDouble.c,1283 :: 		
0x06E4	0xF003EF7D  	GOTO        MULJPSETFOV32
;__Lib_MathDouble.c,1285 :: 		
MUL32OK:
;__Lib_MathDouble.c,1286 :: 		
0x06E8	0xAE0A      	BTFSS       R10, 7, 0
;__Lib_MathDouble.c,1287 :: 		
0x06EA	0x9E02      	BCF         R2, 7, 0
;__Lib_MathDouble.c,1289 :: 		
0x06EC	0x0E00      	MOVLW       0
;__Lib_MathDouble.c,1290 :: 		
0x06EE	0xF003EF83  	GOTO        MULEEE
;__Lib_MathDouble.c,1291 :: 		
MULJPRES032:
;__Lib_MathDouble.c,1292 :: 		
0x06F2	0x0E01      	MOVLW       1
;__Lib_MathDouble.c,1295 :: 		
0x06F4	0xDCB3      	RCALL       _RES032
;__Lib_MathDouble.c,1297 :: 		
0x06F6	0xF003EF83  	GOTO        MULEEE
;__Lib_MathDouble.c,1298 :: 		
MULJPSETFOV32:
;__Lib_MathDouble.c,1299 :: 		
0x06FA	0x0E02      	MOVLW       2
;__Lib_MathDouble.c,1302 :: 		
0x06FC	0xDD42      	RCALL       _SETFOV32
;__Lib_MathDouble.c,1304 :: 		
0x06FE	0xF003EF83  	GOTO        MULEEE
;__Lib_MathDouble.c,1305 :: 		
MULJPSETFUN32:
;__Lib_MathDouble.c,1306 :: 		
0x0702	0x0E04      	MOVLW       4
;__Lib_MathDouble.c,1309 :: 		
0x0704	0xDC9E      	RCALL       _SETFUN32
;__Lib_MathDouble.c,1311 :: 		
MULEEE:
;__Lib_MathDouble.c,1318 :: 		
L_end_Mul_32x32_FP:
0x0706	0x0012      	RETURN      0
; end of _Mul_32x32_FP
_Compare_Double:
;__Lib_MathDouble.c,2518 :: 		
;__Lib_MathDouble.c,2529 :: 		
0x0708	0x6A0A      	CLRF        R10, 0
;__Lib_MathDouble.c,2530 :: 		
0x070A	0x5003      	MOVF        R3, 0, 0
;__Lib_MathDouble.c,2531 :: 		
0x070C	0xA4D8      	BTFSS       STATUS, 2, 0
;__Lib_MathDouble.c,2532 :: 		
0x070E	0x800A      	BSF         R10, 0, 0
;__Lib_MathDouble.c,2533 :: 		
0x0710	0x5007      	MOVF        R7, 0, 0
;__Lib_MathDouble.c,2534 :: 		
0x0712	0xA4D8      	BTFSS       STATUS, 2, 0
;__Lib_MathDouble.c,2535 :: 		
0x0714	0x820A      	BSF         R10, 1, 0
;__Lib_MathDouble.c,2537 :: 		
0x0716	0x500A      	MOVF        R10, 0, 0
;__Lib_MathDouble.c,2538 :: 		
0x0718	0xB4D8      	BTFSC       STATUS, 2, 0
;__Lib_MathDouble.c,2539 :: 		
0x071A	0xF003EFE7  	GOTO        COMPARE_EQU
;__Lib_MathDouble.c,2540 :: 		
0x071E	0x0A03      	XORLW       3
;__Lib_MathDouble.c,2541 :: 		
0x0720	0xB4D8      	BTFSC       STATUS, 2, 0
;__Lib_MathDouble.c,2542 :: 		
0x0722	0xF003EFA0  	GOTO        COMPARE_NOTZERO
;__Lib_MathDouble.c,2544 :: 		
0x0726	0xB00A      	BTFSC       R10, 0, 0
;__Lib_MathDouble.c,2545 :: 		
0x0728	0xF003EF9B  	GOTO        COMPARE_XNOTZERO
;__Lib_MathDouble.c,2547 :: 		
0x072C	0xAE06      	BTFSS       R6, 7, 0
;__Lib_MathDouble.c,2548 :: 		
0x072E	0xF003EFE5  	GOTO        COMPARE_LT
;__Lib_MathDouble.c,2549 :: 		
0x0732	0xF003EFE3  	GOTO        COMPARE_GT
;__Lib_MathDouble.c,2550 :: 		
COMPARE_XNOTZERO:
;__Lib_MathDouble.c,2551 :: 		
0x0736	0xAE02      	BTFSS       R2, 7, 0
;__Lib_MathDouble.c,2552 :: 		
0x0738	0xF003EFE3  	GOTO        COMPARE_GT
;__Lib_MathDouble.c,2553 :: 		
0x073C	0xF003EFE5  	GOTO        COMPARE_LT
;__Lib_MathDouble.c,2555 :: 		
COMPARE_NOTZERO:
;__Lib_MathDouble.c,2556 :: 		
0x0740	0x5002      	MOVF        R2, 0, 0
;__Lib_MathDouble.c,2557 :: 		
0x0742	0x0B80      	ANDLW       128
;__Lib_MathDouble.c,2558 :: 		
0x0744	0x6E0A      	MOVWF       R10, 0
;__Lib_MathDouble.c,2559 :: 		
0x0746	0x9E02      	BCF         R2, 7, 0
;__Lib_MathDouble.c,2561 :: 		
0x0748	0x5006      	MOVF        R6, 0, 0
;__Lib_MathDouble.c,2562 :: 		
0x074A	0x0B80      	ANDLW       128
;__Lib_MathDouble.c,2563 :: 		
0x074C	0x9E06      	BCF         R6, 7, 0
;__Lib_MathDouble.c,2565 :: 		
0x074E	0x180A      	XORWF       R10, 0, 0
;__Lib_MathDouble.c,2566 :: 		
0x0750	0xB4D8      	BTFSC       STATUS, 2, 0
;__Lib_MathDouble.c,2567 :: 		
0x0752	0xF003EFB1  	GOTO        COMPARE_TESTALL
;__Lib_MathDouble.c,2569 :: 		
0x0756	0x500A      	MOVF        R10, 0, 0
;__Lib_MathDouble.c,2570 :: 		
0x0758	0xB4D8      	BTFSC       STATUS, 2, 0
;__Lib_MathDouble.c,2571 :: 		
0x075A	0xF003EFE3  	GOTO        COMPARE_GT
;__Lib_MathDouble.c,2572 :: 		
0x075E	0xF003EFE5  	GOTO        COMPARE_LT
;__Lib_MathDouble.c,2574 :: 		
COMPARE_TESTALL:
;__Lib_MathDouble.c,2575 :: 		
0x0762	0x5007      	MOVF        R7, 0, 0
;__Lib_MathDouble.c,2576 :: 		
0x0764	0x5C03      	SUBWF       R3, 0, 0
;__Lib_MathDouble.c,2577 :: 		
0x0766	0xB4D8      	BTFSC       STATUS, 2, 0
;__Lib_MathDouble.c,2578 :: 		
0x0768	0xF003EFBB  	GOTO        COMPARE_C1
;__Lib_MathDouble.c,2579 :: 		
0x076C	0xA0D8      	BTFSS       STATUS, 0, 0
;__Lib_MathDouble.c,2580 :: 		
0x076E	0xF003EFD7  	GOTO        GT_FALSE
;__Lib_MathDouble.c,2581 :: 		
0x0772	0xF003EFDD  	GOTO        GT_TRUE
;__Lib_MathDouble.c,2582 :: 		
COMPARE_C1:
;__Lib_MathDouble.c,2583 :: 		
0x0776	0x5006      	MOVF        R6, 0, 0
;__Lib_MathDouble.c,2584 :: 		
0x0778	0x5C02      	SUBWF       R2, 0, 0
;__Lib_MathDouble.c,2585 :: 		
0x077A	0xB4D8      	BTFSC       STATUS, 2, 0
;__Lib_MathDouble.c,2586 :: 		
0x077C	0xF003EFC5  	GOTO        COMPARE_C2
;__Lib_MathDouble.c,2587 :: 		
0x0780	0xA0D8      	BTFSS       STATUS, 0, 0
;__Lib_MathDouble.c,2588 :: 		
0x0782	0xF003EFD7  	GOTO        GT_FALSE
;__Lib_MathDouble.c,2589 :: 		
0x0786	0xF003EFDD  	GOTO        GT_TRUE
;__Lib_MathDouble.c,2590 :: 		
COMPARE_C2:
;__Lib_MathDouble.c,2591 :: 		
0x078A	0x5005      	MOVF        R5, 0, 0
;__Lib_MathDouble.c,2592 :: 		
0x078C	0x5C01      	SUBWF       R1, 0, 0
;__Lib_MathDouble.c,2593 :: 		
0x078E	0xB4D8      	BTFSC       STATUS, 2, 0
;__Lib_MathDouble.c,2594 :: 		
0x0790	0xF003EFCF  	GOTO        COMPARE_C3
;__Lib_MathDouble.c,2595 :: 		
0x0794	0xA0D8      	BTFSS       STATUS, 0, 0
;__Lib_MathDouble.c,2596 :: 		
0x0796	0xF003EFD7  	GOTO        GT_FALSE
;__Lib_MathDouble.c,2597 :: 		
0x079A	0xF003EFDD  	GOTO        GT_TRUE
;__Lib_MathDouble.c,2598 :: 		
COMPARE_C3:
;__Lib_MathDouble.c,2599 :: 		
0x079E	0x5004      	MOVF        R4, 0, 0
;__Lib_MathDouble.c,2600 :: 		
0x07A0	0x5C00      	SUBWF       R0, 0, 0
;__Lib_MathDouble.c,2601 :: 		
0x07A2	0xB4D8      	BTFSC       STATUS, 2, 0
;__Lib_MathDouble.c,2602 :: 		
0x07A4	0xF003EFE7  	GOTO        COMPARE_EQU
;__Lib_MathDouble.c,2603 :: 		
0x07A8	0xB0D8      	BTFSC       STATUS, 0, 0
;__Lib_MathDouble.c,2604 :: 		
0x07AA	0xF003EFDD  	GOTO        GT_TRUE
;__Lib_MathDouble.c,2606 :: 		
GT_FALSE:
;__Lib_MathDouble.c,2607 :: 		
0x07AE	0x520A      	MOVF        R10, 1, 0
;__Lib_MathDouble.c,2608 :: 		
0x07B0	0xB4D8      	BTFSC       STATUS, 2, 0
;__Lib_MathDouble.c,2609 :: 		
0x07B2	0xF003EFE5  	GOTO        COMPARE_LT
;__Lib_MathDouble.c,2610 :: 		
0x07B6	0xF003EFE3  	GOTO        COMPARE_GT
;__Lib_MathDouble.c,2611 :: 		
GT_TRUE:
;__Lib_MathDouble.c,2612 :: 		
0x07BA	0x520A      	MOVF        R10, 1, 0
;__Lib_MathDouble.c,2613 :: 		
0x07BC	0xB4D8      	BTFSC       STATUS, 2, 0
;__Lib_MathDouble.c,2614 :: 		
0x07BE	0xF003EFE3  	GOTO        COMPARE_GT
;__Lib_MathDouble.c,2615 :: 		
0x07C2	0xF003EFE5  	GOTO        COMPARE_LT
;__Lib_MathDouble.c,2617 :: 		
COMPARE_GT:
;__Lib_MathDouble.c,2620 :: 		
0x07C6	0x80D8      	BSF         STATUS, 0, 0
;__Lib_MathDouble.c,2621 :: 		
0x07C8	0x0012      	RETURN      0
;__Lib_MathDouble.c,2622 :: 		
COMPARE_LT:
;__Lib_MathDouble.c,2625 :: 		
0x07CA	0x90D8      	BCF         STATUS, 0, 0
;__Lib_MathDouble.c,2626 :: 		
0x07CC	0x0012      	RETURN      0
;__Lib_MathDouble.c,2627 :: 		
COMPARE_EQU:
;__Lib_MathDouble.c,2630 :: 		
0x07CE	0x80D8      	BSF         STATUS, 0, 0
;__Lib_MathDouble.c,2631 :: 		
0x07D0	0x84D8      	BSF         STATUS, 2, 0
;__Lib_MathDouble.c,2632 :: 		
0x07D2	0x0012      	RETURN      0
;__Lib_MathDouble.c,2634 :: 		
L_end_Compare_Double:
0x07D4	0x0012      	RETURN      0
; end of _Compare_Double
_double2int:
;__Lib_MathDouble.c,1897 :: 		
;__Lib_MathDouble.c,1906 :: 		
0x07D6	0x6A0B      	CLRF        R11, 0
;__Lib_MathDouble.c,1907 :: 		
0x07D8	0x5003      	MOVF        R3, 0, 0
;__Lib_MathDouble.c,1908 :: 		
0x07DA	0xB4D8      	BTFSC       STATUS, 2, 0
;__Lib_MathDouble.c,1909 :: 		
0x07DC	0xF004EF31  	GOTO        IRES016
;__Lib_MathDouble.c,1910 :: 		
0x07E0	0x5002      	MOVF        R2, 0, 0
;__Lib_MathDouble.c,1911 :: 		
0x07E2	0x6E0A      	MOVWF       R10, 0
;__Lib_MathDouble.c,1912 :: 		
0x07E4	0x8E02      	BSF         R2, 7, 0
;__Lib_MathDouble.c,1914 :: 		
0x07E6	0x0E8E      	MOVLW       142
;__Lib_MathDouble.c,1915 :: 		
0x07E8	0x5E03      	SUBWF       R3, 1, 0
;__Lib_MathDouble.c,1916 :: 		
0x07EA	0xAE03      	BTFSS       R3, 7, 0
;__Lib_MathDouble.c,1917 :: 		
0x07EC	0xF004EF35  	GOTO        SETIOV16
;__Lib_MathDouble.c,1918 :: 		
0x07F0	0x6C03      	NEGF        R3, 0
;__Lib_MathDouble.c,1920 :: 		
0x07F2	0x0E08      	MOVLW       8
;__Lib_MathDouble.c,1921 :: 		
0x07F4	0x5C03      	SUBWF       R3, 0, 0
;__Lib_MathDouble.c,1922 :: 		
0x07F6	0xA0D8      	BTFSS       STATUS, 0, 0
;__Lib_MathDouble.c,1923 :: 		
0x07F8	0xF004EF10  	GOTO        TSHIFT3216
;__Lib_MathDouble.c,1924 :: 		
0x07FC	0x6E03      	MOVWF       R3, 0
;__Lib_MathDouble.c,1925 :: 		
0x07FE	0x3601      	RLCF        R1, 1, 0
;__Lib_MathDouble.c,1926 :: 		
0x0800	0xF001C002  	MOVFF       R2, R1
;__Lib_MathDouble.c,1927 :: 		
0x0804	0x6A02      	CLRF        R2, 0
;__Lib_MathDouble.c,1929 :: 		
0x0806	0x0E08      	MOVLW       8
;__Lib_MathDouble.c,1930 :: 		
0x0808	0x5C03      	SUBWF       R3, 0, 0
;__Lib_MathDouble.c,1931 :: 		
0x080A	0xA0D8      	BTFSS       STATUS, 0, 0
;__Lib_MathDouble.c,1932 :: 		
0x080C	0xF004EF10  	GOTO        TSHIFT3216
;__Lib_MathDouble.c,1933 :: 		
0x0810	0x6E03      	MOVWF       R3, 0
;__Lib_MathDouble.c,1934 :: 		
0x0812	0x3601      	RLCF        R1, 1, 0
;__Lib_MathDouble.c,1935 :: 		
0x0814	0x6A01      	CLRF        R1, 0
;__Lib_MathDouble.c,1937 :: 		
0x0816	0x5003      	MOVF        R3, 0, 0
;__Lib_MathDouble.c,1938 :: 		
0x0818	0xA4D8      	BTFSS       STATUS, 2, 0
;__Lib_MathDouble.c,1939 :: 		
0x081A	0x90D8      	BCF         STATUS, 0, 0
;__Lib_MathDouble.c,1940 :: 		
0x081C	0xF004EF1A  	GOTO        SHIFT3216OK
;__Lib_MathDouble.c,1941 :: 		
TSHIFT3216:
;__Lib_MathDouble.c,1942 :: 		
0x0820	0x5003      	MOVF        R3, 0, 0
;__Lib_MathDouble.c,1943 :: 		
0x0822	0xB4D8      	BTFSC       STATUS, 2, 0
;__Lib_MathDouble.c,1944 :: 		
0x0824	0xF004EF1A  	GOTO        SHIFT3216OK
;__Lib_MathDouble.c,1945 :: 		
SHIFT3216:
;__Lib_MathDouble.c,1946 :: 		
0x0828	0x90D8      	BCF         STATUS, 0, 0
;__Lib_MathDouble.c,1947 :: 		
0x082A	0x3202      	RRCF        R2, 1, 0
;__Lib_MathDouble.c,1948 :: 		
0x082C	0x3201      	RRCF        R1, 1, 0
;__Lib_MathDouble.c,1949 :: 		
0x082E	0x2E03      	DECFSZ      R3, 1, 0
;__Lib_MathDouble.c,1950 :: 		
0x0830	0xF004EF14  	GOTO        SHIFT3216
;__Lib_MathDouble.c,1951 :: 		
SHIFT3216OK:
;__Lib_MathDouble.c,1952 :: 		
0x0834	0xBC0B      	BTFSC       R11, 6, 0
;__Lib_MathDouble.c,1953 :: 		
0x0836	0xA001      	BTFSS       R1, 0, 0
;__Lib_MathDouble.c,1954 :: 		
0x0838	0xF004EF27  	GOTO        INT3216OK
;__Lib_MathDouble.c,1955 :: 		
0x083C	0xA0D8      	BTFSS       STATUS, 0, 0
;__Lib_MathDouble.c,1956 :: 		
0x083E	0xF004EF27  	GOTO        INT3216OK
;__Lib_MathDouble.c,1957 :: 		
0x0842	0x2A01      	INCF        R1, 1, 0
;__Lib_MathDouble.c,1958 :: 		
0x0844	0xB4D8      	BTFSC       STATUS, 2, 0
;__Lib_MathDouble.c,1959 :: 		
0x0846	0x2A02      	INCF        R2, 1, 0
;__Lib_MathDouble.c,1960 :: 		
0x0848	0xBE02      	BTFSC       R2, 7, 0
;__Lib_MathDouble.c,1961 :: 		
0x084A	0xF004EF44  	GOTO        JPJSETIOV3224
;__Lib_MathDouble.c,1962 :: 		
INT3216OK:
;__Lib_MathDouble.c,1963 :: 		
0x084E	0xAE0A      	BTFSS       R10, 7, 0
;__Lib_MathDouble.c,1964 :: 		
0x0850	0xF004EF49  	GOTO        INT3216EOK
;__Lib_MathDouble.c,1966 :: 		
0x0854	0x1E02      	COMF        R2, 1, 0
;__Lib_MathDouble.c,1967 :: 		
0x0856	0x1E01      	COMF        R1, 1, 0
;__Lib_MathDouble.c,1968 :: 		
0x0858	0x2A01      	INCF        R1, 1, 0
;__Lib_MathDouble.c,1969 :: 		
0x085A	0xB4D8      	BTFSC       STATUS, 2, 0
;__Lib_MathDouble.c,1970 :: 		
0x085C	0x2A02      	INCF        R2, 1, 0
;__Lib_MathDouble.c,1971 :: 		
0x085E	0xF004EF49  	GOTO        INT3216EOK
;__Lib_MathDouble.c,1973 :: 		
IRES016:
;__Lib_MathDouble.c,1974 :: 		
0x0862	0x6A02      	CLRF        R2, 0
;__Lib_MathDouble.c,1975 :: 		
0x0864	0x6A01      	CLRF        R1, 0
;__Lib_MathDouble.c,1976 :: 		
0x0866	0xF004EF49  	GOTO        INT3216EOK
;__Lib_MathDouble.c,1977 :: 		
SETIOV16:
;__Lib_MathDouble.c,1978 :: 		
0x086A	0x800B      	BSF         R11, 0, 0
;__Lib_MathDouble.c,1979 :: 		
0x086C	0xAE0B      	BTFSS       R11, 7, 0
;__Lib_MathDouble.c,1980 :: 		
0x086E	0xF004EF4D  	GOTO        INT3216EER
;__Lib_MathDouble.c,1982 :: 		
0x0872	0x6A02      	CLRF        R2, 0
;__Lib_MathDouble.c,1983 :: 		
0x0874	0xAE0A      	BTFSS       R10, 7, 0
;__Lib_MathDouble.c,1984 :: 		
0x0876	0xF004EF4D  	GOTO        INT3216EER
;__Lib_MathDouble.c,1985 :: 		
0x087A	0x0EFF      	MOVLW       255
;__Lib_MathDouble.c,1986 :: 		
0x087C	0x6E02      	MOVWF       R2, 0
;__Lib_MathDouble.c,1987 :: 		
0x087E	0x6E01      	MOVWF       R1, 0
;__Lib_MathDouble.c,1988 :: 		
0x0880	0x360A      	RLCF        R10, 1, 0
;__Lib_MathDouble.c,1989 :: 		
0x0882	0x3202      	RRCF        R2, 1, 0
;__Lib_MathDouble.c,1990 :: 		
0x0884	0xF004EF4D  	GOTO        INT3216EER
;__Lib_MathDouble.c,1992 :: 		
JPJSETIOV3224:
;__Lib_MathDouble.c,1993 :: 		
0x0888	0x0E01      	MOVLW       1
;__Lib_MathDouble.c,1994 :: 		
0x088A	0x6E0C      	MOVWF       R12, 0
;__Lib_MathDouble.c,1996 :: 		
0x088C	0xDC6C      	RCALL       _SETIOV3224
;__Lib_MathDouble.c,1998 :: 		
0x088E	0xF004EF4F  	GOTO        INT3216EEE
;__Lib_MathDouble.c,1999 :: 		
INT3216EOK:
;__Lib_MathDouble.c,2000 :: 		
0x0892	0x0E00      	MOVLW       0
;__Lib_MathDouble.c,2001 :: 		
0x0894	0x6E0C      	MOVWF       R12, 0
;__Lib_MathDouble.c,2002 :: 		
0x0896	0xF004EF4F  	GOTO        INT3216EEE
;__Lib_MathDouble.c,2003 :: 		
INT3216EER:
;__Lib_MathDouble.c,2004 :: 		
0x089A	0x0EFF      	MOVLW       255
;__Lib_MathDouble.c,2005 :: 		
0x089C	0x6E0C      	MOVWF       R12, 0
;__Lib_MathDouble.c,2006 :: 		
INT3216EEE:
;__Lib_MathDouble.c,2007 :: 		
0x089E	0x5001      	MOVF        R1, 0, 0
;__Lib_MathDouble.c,2008 :: 		
0x08A0	0x6E00      	MOVWF       R0, 0
;__Lib_MathDouble.c,2009 :: 		
0x08A2	0x5002      	MOVF        R2, 0, 0
;__Lib_MathDouble.c,2010 :: 		
0x08A4	0x6E01      	MOVWF       R1, 0
;__Lib_MathDouble.c,2015 :: 		
L_end_double2int:
0x08A6	0x0012      	RETURN      0
; end of _double2int
_ADC_Init:
;__Lib_ADC_A_D.c,13 :: 		
;__Lib_ADC_A_D.c,14 :: 		
0x08A8	0x0EFF      	MOVLW       _ADC_Get_Sample
0x08AA	0x6E1E      	MOVWF       _ADC_Get_Sample_Ptr 
0x08AC	0x0EFF      	MOVLW       hi_addr(_ADC_Get_Sample)
0x08AE	0x6E1F      	MOVWF       _ADC_Get_Sample_Ptr+1 
0x08B0	0x0EFF      	MOVLW       FARG_ADC_Get_Sample_channel
0x08B2	0x6E20      	MOVWF       _ADC_Get_Sample_Ptr+2 
0x08B4	0x0EFF      	MOVLW       hi_addr(FARG_ADC_Get_Sample_channel)
0x08B6	0x6E21      	MOVWF       _ADC_Get_Sample_Ptr+3 
;__Lib_ADC_A_D.c,16 :: 		
0x08B8	0x6AC2      	CLRF        ADCON0 
;__Lib_ADC_A_D.c,17 :: 		
0x08BA	0x1C1D      	COMF        _vref_mask, 0 
0x08BC	0x6E00      	MOVWF       R0 
0x08BE	0x5000      	MOVF        R0, 0 
0x08C0	0x16C1      	ANDWF       ADCON1, 1 
;__Lib_ADC_A_D.c,18 :: 		
0x08C2	0x0E07      	MOVLW       7
0x08C4	0x12C0      	IORWF       ADCON2, 1 
;__Lib_ADC_A_D.c,19 :: 		
0x08C6	0x8EC0      	BSF         ADCON2, 7 
;__Lib_ADC_A_D.c,20 :: 		
0x08C8	0x80C2      	BSF         ADCON0, 0 
;__Lib_ADC_A_D.c,21 :: 		
L_end_ADC_Init:
0x08CA	0x0012      	RETURN      0
; end of _ADC_Init
_ADC_Read:
;__Lib_ADC_A_D.c,51 :: 		
;__Lib_ADC_A_D.c,54 :: 		
0x08CC	0x6AC2      	CLRF        ADCON0 
;__Lib_ADC_A_D.c,55 :: 		
0x08CE	0x1C1D      	COMF        _vref_mask, 0 
0x08D0	0x6E00      	MOVWF       R0 
0x08D2	0x5000      	MOVF        R0, 0 
0x08D4	0x16C1      	ANDWF       ADCON1, 1 
;__Lib_ADC_A_D.c,56 :: 		
0x08D6	0x0E07      	MOVLW       7
0x08D8	0x12C0      	IORWF       ADCON2, 1 
;__Lib_ADC_A_D.c,57 :: 		
0x08DA	0x8EC0      	BSF         ADCON2, 7 
;__Lib_ADC_A_D.c,58 :: 		
0x08DC	0xF000C031  	MOVFF       FARG_ADC_Read_channel, R0
0x08E0	0x3600      	RLCF        R0, 1 
0x08E2	0x9000      	BCF         R0, 0 
0x08E4	0x3600      	RLCF        R0, 1 
0x08E6	0x9000      	BCF         R0, 0 
0x08E8	0x5000      	MOVF        R0, 0 
0x08EA	0x12C2      	IORWF       ADCON0, 1 
;__Lib_ADC_A_D.c,59 :: 		
0x08EC	0x80C2      	BSF         ADCON0, 0 
;__Lib_ADC_A_D.c,60 :: 		
0x08EE	0xDC31      	RCALL       _Delay_22us
;__Lib_ADC_A_D.c,61 :: 		
0x08F0	0x82C2      	BSF         ADCON0, 1 
;__Lib_ADC_A_D.c,62 :: 		
L_ADC_Read2:
0x08F2	0xA2C2      	BTFSS       ADCON0, 1 
0x08F4	0xD001      	BRA         L_ADC_Read3
;__Lib_ADC_A_D.c,63 :: 		
0x08F6	0xD7FD      	BRA         L_ADC_Read2
L_ADC_Read3:
;__Lib_ADC_A_D.c,64 :: 		
0x08F8	0xF001CFC4  	MOVFF       ADRESH, R1
0x08FC	0x6A00      	CLRF        R0 
;__Lib_ADC_A_D.c,65 :: 		
0x08FE	0x50C3      	MOVF        ADRESL, 0 
0x0900	0x1200      	IORWF       R0, 1 
0x0902	0x0E00      	MOVLW       0
0x0904	0x1201      	IORWF       R1, 1 
;__Lib_ADC_A_D.c,66 :: 		
0x0906	0x90C2      	BCF         ADCON0, 0 
;__Lib_ADC_A_D.c,68 :: 		
;__Lib_ADC_A_D.c,69 :: 		
L_end_ADC_Read:
0x0908	0x0012      	RETURN      0
; end of _ADC_Read
_main:
0x090A	0xF005EC51  	CALL        2722, 0
;termometro.c,22 :: 		void main()
;termometro.c,25 :: 		unsigned int Valor_ADC = 0; // var. para leitura do ADC
;termometro.c,30 :: 		TRISA.RA5 = 1; // Pino RA5 (AN4) como entrada analgica
0x090E	0x8A92      	BSF         TRISA, 5 
;termometro.c,33 :: 		ADCON1 = 0B00001110; // Configura Vref externa e RA5 como entrada analgica (AN4)
0x0910	0x0E0E      	MOVLW       14
0x0912	0x6EC1      	MOVWF       ADCON1 
;termometro.c,36 :: 		Lcd_Init();               // Inicializa a lib. Lcd
0x0914	0xDD13      	RCALL       _Lcd_Init
;termometro.c,37 :: 		Lcd_Cmd(_LCD_CLEAR);      // Limpa o display
0x0916	0x0E01      	MOVLW       1
0x0918	0x6E37      	MOVWF       FARG_Lcd_Cmd_out_char 
0x091A	0xF000EC35  	CALL        _Lcd_Cmd, 0
;termometro.c,38 :: 		Lcd_Cmd(_LCD_CURSOR_OFF); // Cursor off
0x091E	0x0E0C      	MOVLW       12
0x0920	0x6E37      	MOVWF       FARG_Lcd_Cmd_out_char 
0x0922	0xF000EC35  	CALL        _Lcd_Cmd, 0
;termometro.c,39 :: 		Lcd_Out(1, 1, "Temp:");   // Escreve "Temp:" no LCD na primeira linha
0x0926	0x0E01      	MOVLW       1
0x0928	0x6E31      	MOVWF       FARG_Lcd_Out_row 
0x092A	0x0E01      	MOVLW       1
0x092C	0x6E32      	MOVWF       FARG_Lcd_Out_column 
0x092E	0x0E17      	MOVLW       ?lstr1_termometro
0x0930	0x6E33      	MOVWF       FARG_Lcd_Out_text 
0x0932	0x0E00      	MOVLW       hi_addr(?lstr1_termometro)
0x0934	0x6E34      	MOVWF       FARG_Lcd_Out_text+1 
0x0936	0xDD4D      	RCALL       _Lcd_Out
;termometro.c,41 :: 		ADC_Init(); // Inicializa o mdulo ADC
0x0938	0xDFB7      	RCALL       _ADC_Init
;termometro.c,43 :: 		while (TRUE)
L_main0:
;termometro.c,46 :: 		Valor_ADC = ADC_Read(4); // L o valor do ADC (0 a 1023)
0x093A	0x0E04      	MOVLW       4
0x093C	0x6E31      	MOVWF       FARG_ADC_Read_channel 
0x093E	0xDFC6      	RCALL       _ADC_Read
;termometro.c,50 :: 		temperatura = (Valor_ADC * 100.0) / 1023.0; // Converso proporcional
0x0940	0xDD85      	RCALL       _word2double
0x0942	0x0E00      	MOVLW       0
0x0944	0x6E04      	MOVWF       R4 
0x0946	0x0E00      	MOVLW       0
0x0948	0x6E05      	MOVWF       R5 
0x094A	0x0E48      	MOVLW       72
0x094C	0x6E06      	MOVWF       R6 
0x094E	0x0E85      	MOVLW       133
0x0950	0x6E07      	MOVWF       R7 
0x0952	0xDE4A      	RCALL       _Mul_32x32_FP
0x0954	0x0E00      	MOVLW       0
0x0956	0x6E04      	MOVWF       R4 
0x0958	0x0EC0      	MOVLW       192
0x095A	0x6E05      	MOVWF       R5 
0x095C	0x0E7F      	MOVLW       127
0x095E	0x6E06      	MOVWF       R6 
0x0960	0x0E88      	MOVLW       136
0x0962	0x6E07      	MOVWF       R7 
0x0964	0xDD87      	RCALL       _Div_32x32_FP
0x0966	0xF023C000  	MOVFF       R0, main_temperatura_L0
0x096A	0xF024C001  	MOVFF       R1, main_temperatura_L0+1
0x096E	0xF025C002  	MOVFF       R2, main_temperatura_L0+2
0x0972	0xF026C003  	MOVFF       R3, main_temperatura_L0+3
;termometro.c,52 :: 		if (temperatura >= 100)
0x0976	0x0E00      	MOVLW       0
0x0978	0x6E04      	MOVWF       R4 
0x097A	0x0E00      	MOVLW       0
0x097C	0x6E05      	MOVWF       R5 
0x097E	0x0E48      	MOVLW       72
0x0980	0x6E06      	MOVWF       R6 
0x0982	0x0E85      	MOVLW       133
0x0984	0x6E07      	MOVWF       R7 
0x0986	0xDEC0      	RCALL       _Compare_Double
0x0988	0x0E00      	MOVLW       0
0x098A	0xB0D8      	BTFSC       STATUS, 0 
0x098C	0x0E01      	MOVLW       1
0x098E	0x6E00      	MOVWF       R0 
0x0990	0x5200      	MOVF        R0, 1 
0x0992	0xE00C      	BZ          L_main2
;termometro.c,55 :: 		temp_str[0] = '1';
0x0994	0x0E31      	MOVLW       49
0x0996	0x6E27      	MOVWF       main_temp_str_L0 
;termometro.c,56 :: 		temp_str[1] = '0';
0x0998	0x0E30      	MOVLW       48
0x099A	0x6E28      	MOVWF       main_temp_str_L0+1 
;termometro.c,57 :: 		temp_str[2] = '0';
0x099C	0x0E30      	MOVLW       48
0x099E	0x6E29      	MOVWF       main_temp_str_L0+2 
;termometro.c,58 :: 		temp_str[3] = '.';
0x09A0	0x0E2E      	MOVLW       46
0x09A2	0x6E2A      	MOVWF       main_temp_str_L0+3 
;termometro.c,59 :: 		temp_str[4] = '0';
0x09A4	0x0E30      	MOVLW       48
0x09A6	0x6E2B      	MOVWF       main_temp_str_L0+4 
;termometro.c,60 :: 		temp_str[5] = 0; // Terminador NULL para finalizar a string
0x09A8	0x6A2C      	CLRF        main_temp_str_L0+5 
;termometro.c,61 :: 		}
0x09AA	0xD04F      	BRA         L_main3
L_main2:
;termometro.c,65 :: 		temp_str[0] = (int)(temperatura / 10) + '0';      // Dezena
0x09AC	0x0E00      	MOVLW       0
0x09AE	0x6E04      	MOVWF       R4 
0x09B0	0x0E00      	MOVLW       0
0x09B2	0x6E05      	MOVWF       R5 
0x09B4	0x0E20      	MOVLW       32
0x09B6	0x6E06      	MOVWF       R6 
0x09B8	0x0E82      	MOVLW       130
0x09BA	0x6E07      	MOVWF       R7 
0x09BC	0xF000C023  	MOVFF       main_temperatura_L0, R0
0x09C0	0xF001C024  	MOVFF       main_temperatura_L0+1, R1
0x09C4	0xF002C025  	MOVFF       main_temperatura_L0+2, R2
0x09C8	0xF003C026  	MOVFF       main_temperatura_L0+3, R3
0x09CC	0xDD53      	RCALL       _Div_32x32_FP
0x09CE	0xDF03      	RCALL       _double2int
0x09D0	0x0E30      	MOVLW       48
0x09D2	0x2600      	ADDWF       R0, 1 
0x09D4	0xF027C000  	MOVFF       R0, main_temp_str_L0
;termometro.c,66 :: 		temp_str[1] = (int)(temperatura) % 10 + '0';      // Unidade
0x09D8	0xF000C023  	MOVFF       main_temperatura_L0, R0
0x09DC	0xF001C024  	MOVFF       main_temperatura_L0+1, R1
0x09E0	0xF002C025  	MOVFF       main_temperatura_L0+2, R2
0x09E4	0xF003C026  	MOVFF       main_temperatura_L0+3, R3
0x09E8	0xDEF6      	RCALL       _double2int
0x09EA	0x0E0A      	MOVLW       10
0x09EC	0x6E04      	MOVWF       R4 
0x09EE	0x0E00      	MOVLW       0
0x09F0	0x6E05      	MOVWF       R5 
0x09F2	0xDC0C      	RCALL       _Div_16x16_S
0x09F4	0xF000C008  	MOVFF       R8, R0
0x09F8	0xF001C009  	MOVFF       R9, R1
0x09FC	0x0E30      	MOVLW       48
0x09FE	0x2400      	ADDWF       R0, 0 
0x0A00	0x6E28      	MOVWF       main_temp_str_L0+1 
;termometro.c,67 :: 		temp_str[2] = '.';                                // Ponto decimal
0x0A02	0x0E2E      	MOVLW       46
0x0A04	0x6E29      	MOVWF       main_temp_str_L0+2 
;termometro.c,68 :: 		temp_str[3] = (int)(temperatura * 10) % 10 + '0'; // Primeira casa decimal
0x0A06	0xF000C023  	MOVFF       main_temperatura_L0, R0
0x0A0A	0xF001C024  	MOVFF       main_temperatura_L0+1, R1
0x0A0E	0xF002C025  	MOVFF       main_temperatura_L0+2, R2
0x0A12	0xF003C026  	MOVFF       main_temperatura_L0+3, R3
0x0A16	0x0E00      	MOVLW       0
0x0A18	0x6E04      	MOVWF       R4 
0x0A1A	0x0E00      	MOVLW       0
0x0A1C	0x6E05      	MOVWF       R5 
0x0A1E	0x0E20      	MOVLW       32
0x0A20	0x6E06      	MOVWF       R6 
0x0A22	0x0E82      	MOVLW       130
0x0A24	0x6E07      	MOVWF       R7 
0x0A26	0xDDE0      	RCALL       _Mul_32x32_FP
0x0A28	0xDED6      	RCALL       _double2int
0x0A2A	0x0E0A      	MOVLW       10
0x0A2C	0x6E04      	MOVWF       R4 
0x0A2E	0x0E00      	MOVLW       0
0x0A30	0x6E05      	MOVWF       R5 
0x0A32	0xF001EC06  	CALL        _Div_16x16_S, 0
0x0A36	0xF000C008  	MOVFF       R8, R0
0x0A3A	0xF001C009  	MOVFF       R9, R1
0x0A3E	0x0E30      	MOVLW       48
0x0A40	0x2400      	ADDWF       R0, 0 
0x0A42	0x6E2A      	MOVWF       main_temp_str_L0+3 
;termometro.c,69 :: 		temp_str[4] = ' ';
0x0A44	0x0E20      	MOVLW       32
0x0A46	0x6E2B      	MOVWF       main_temp_str_L0+4 
;termometro.c,70 :: 		temp_str[5] = 0; // Terminador NULL para finalizar a string
0x0A48	0x6A2C      	CLRF        main_temp_str_L0+5 
;termometro.c,71 :: 		}
L_main3:
;termometro.c,74 :: 		Lcd_Out(1, 7, temp_str); // Mostra a temperatura na primeira linha, posio 7
0x0A4A	0x0E01      	MOVLW       1
0x0A4C	0x6E31      	MOVWF       FARG_Lcd_Out_row 
0x0A4E	0x0E07      	MOVLW       7
0x0A50	0x6E32      	MOVWF       FARG_Lcd_Out_column 
0x0A52	0x0E27      	MOVLW       main_temp_str_L0
0x0A54	0x6E33      	MOVWF       FARG_Lcd_Out_text 
0x0A56	0x0E00      	MOVLW       hi_addr(main_temp_str_L0)
0x0A58	0x6E34      	MOVWF       FARG_Lcd_Out_text+1 
0x0A5A	0xDCBB      	RCALL       _Lcd_Out
;termometro.c,75 :: 		Lcd_Chr(1, 12, 223);     // Exibe o smbolo de grau usando cdigo ASCII 223
0x0A5C	0x0E01      	MOVLW       1
0x0A5E	0x6E31      	MOVWF       FARG_Lcd_Chr_row 
0x0A60	0x0E0C      	MOVLW       12
0x0A62	0x6E32      	MOVWF       FARG_Lcd_Chr_column 
0x0A64	0x0EDF      	MOVLW       223
0x0A66	0x6E33      	MOVWF       FARG_Lcd_Chr_out_char 
0x0A68	0xDC34      	RCALL       _Lcd_Chr
;termometro.c,76 :: 		Lcd_Out(1, 13, "C");     // Exibe a letra 'C'
0x0A6A	0x0E01      	MOVLW       1
0x0A6C	0x6E31      	MOVWF       FARG_Lcd_Out_row 
0x0A6E	0x0E0D      	MOVLW       13
0x0A70	0x6E32      	MOVWF       FARG_Lcd_Out_column 
0x0A72	0x0E15      	MOVLW       ?lstr2_termometro
0x0A74	0x6E33      	MOVWF       FARG_Lcd_Out_text 
0x0A76	0x0E00      	MOVLW       hi_addr(?lstr2_termometro)
0x0A78	0x6E34      	MOVWF       FARG_Lcd_Out_text+1 
0x0A7A	0xDCAB      	RCALL       _Lcd_Out
;termometro.c,78 :: 		Delay_ms(200); // Pequeno atraso para a prxima leitura
0x0A7C	0x0E03      	MOVLW       3
0x0A7E	0x6E0B      	MOVWF       R11, 0
0x0A80	0x0E08      	MOVLW       8
0x0A82	0x6E0C      	MOVWF       R12, 0
0x0A84	0x0E77      	MOVLW       119
0x0A86	0x6E0D      	MOVWF       R13, 0
L_main4:
0x0A88	0x2E0D      	DECFSZ      R13, 1, 0
0x0A8A	0xD7FE      	BRA         L_main4
0x0A8C	0x2E0C      	DECFSZ      R12, 1, 0
0x0A8E	0xD7FC      	BRA         L_main4
0x0A90	0x2E0B      	DECFSZ      R11, 1, 0
0x0A92	0xD7FA      	BRA         L_main4
;termometro.c,79 :: 		}
0x0A94	0xD752      	BRA         L_main0
;termometro.c,80 :: 		}
L_end_main:
0x0A96	0xD7FF      	BRA         $+0
; end of _main
0x0AA2	0xF015EE10  	LFSR        1, 21
0x0AA6	0x0E09      	MOVLW       9
0x0AA8	0x6E00      	MOVWF       R0 
0x0AAA	0x0E01      	MOVLW       1
0x0AAC	0x6E01      	MOVWF       R1 
0x0AAE	0x0E98      	MOVLW       152
0x0AB0	0x6EF6      	MOVWF       4086 
0x0AB2	0x0E0A      	MOVLW       10
0x0AB4	0x6EF7      	MOVWF       TBLPTRH 
0x0AB6	0x0E00      	MOVLW       0
0x0AB8	0x6EF8      	MOVWF       TBLPTRU 
0x0ABA	0xF001EC96  	CALL        812, 0
0x0ABE	0x0012      	RETURN      0
;termometro.c,0 :: ?ICS?lstr2_termometro
0x0A98	0x0043 ;?ICS?lstr2_termometro+0
; end of ?ICS?lstr2_termometro
;termometro.c,0 :: ?ICS?lstr1_termometro
0x0A9A	0x6554 ;?ICS?lstr1_termometro+0
0x0A9C	0x706D ;?ICS?lstr1_termometro+2
0x0A9E	0x003A ;?ICS?lstr1_termometro+4
; end of ?ICS?lstr1_termometro
;__Lib_ADC_A_D.c,0 :: ?ICS_vref_mask
0x0AA0	0x30 ;?ICS_vref_mask+0
; end of ?ICS_vref_mask
Symbol List:
//** Routines locations **
//ADDRESS    SIZE    PROCEDURE
//----------------------------------------------
0x001C      [22]    _Delay_5500us
0x0032      [10]    _Delay_50us
0x003C       [6]    _Delay_1us
0x0042      [26]    _SETFUN32
0x005C      [14]    _RES032
0x006A     [124]    _Lcd_Cmd
0x00E6       [8]    _FIXSIGN32
0x00EE      [88]    _Div_16x16_S_L
0x0146      [12]    _Lcd_Chr_CP
0x0152      [12]    _Delay_22us
0x015E       [8]    _SETFDZ32
0x0166      [28]    _SETIOV3224
0x0182      [24]    _SETFOV32
0x019A     [114]    _NRM3232
0x020C     [198]    _Div_16x16_S
0x02D2      [90]    _Lcd_Chr
0x032C      [16]    ___CC2DW
0x033C     [150]    _Lcd_Init
0x03D2     [122]    _Lcd_Out
0x044C      [40]    _word2double
0x0474     [372]    _Div_32x32_FP
0x05E8     [288]    _Mul_32x32_FP
0x0708     [206]    _Compare_Double
0x07D6     [210]    _double2int
0x08A8      [36]    _ADC_Init
0x08CC      [62]    _ADC_Read
0x090A     [398]    _main
//** Variables locations ** 
//ADDRESS    SIZE    VARIABLE
//----------------------------------------------
0x0000       [1]    R0
0x0001       [1]    R1
0x0002       [1]    R2
0x0003       [1]    R3
0x0004       [1]    R4
0x0005       [1]    R5
0x0006       [1]    R6
0x0007       [1]    R7
0x0008       [1]    R8
0x0009       [1]    R9
0x000A       [1]    R10
0x000B       [1]    R11
0x000C       [1]    R12
0x000D       [1]    R13
0x000E       [1]    R14
0x000F       [1]    R15
0x0010       [1]    R16
0x0011       [1]    R17
0x0012       [1]    R18
0x0013       [1]    R19
0x0014       [1]    R20
0x0015       [2]    ?lstr2_termometro
0x0017       [6]    ?lstr1_termometro
0x001D       [1]    _vref_mask
0x001E       [4]    _ADC_Get_Sample_Ptr
0x0022       [0]    __Lib_Lcd_cmd_status
0x0023       [4]    main_temperatura_L0
0x0027      [10]    main_temp_str_L0
0x0031       [1]    FARG_ADC_Read_channel
0x0031       [1]    FARG_Lcd_Out_row
0x0031       [1]    FARG_Lcd_Chr_row
0x0032       [1]    FARG_Lcd_Chr_column
0x0032       [1]    FARG_Lcd_Out_column
0x0033       [1]    FARG_Lcd_Chr_out_char
0x0033       [2]    FARG_Lcd_Out_text
0x0035       [1]    Lcd_Out_i_L0
0x0036       [1]    FARG_Lcd_Chr_CP_out_char
0x0037       [1]    FARG_Lcd_Cmd_out_char
0x0F8A       [0]    LCD_D6
0x0F8A       [0]    LCD_D5
0x0F8A       [0]    LCD_D4
0x0F8A       [0]    LATB1_bit
0x0F8A       [0]    LATB3_bit
0x0F8A       [0]    LATB2_bit
0x0F8A       [0]    LATB4_bit
0x0F8A       [0]    LCD_D7
0x0F8A       [0]    LATB5_bit
0x0F8A       [0]    LCD_EN
0x0F8A       [0]    LATB0_bit
0x0F8A       [0]    LCD_RS
0x0F92       [1]    TRISA
0x0F93       [0]    LCD_D7_Direction
0x0F93       [0]    LCD_D6_Direction
0x0F93       [0]    TRISB4_bit
0x0F93       [0]    TRISB3_bit
0x0F93       [0]    LCD_RS_Direction
0x0F93       [0]    TRISB5_bit
0x0F93       [0]    TRISB0_bit
0x0F93       [0]    TRISB2_bit
0x0F93       [0]    LCD_EN_Direction
0x0F93       [0]    TRISB1_bit
0x0F93       [0]    LCD_D4_Direction
0x0F93       [0]    LCD_D5_Direction
0x0FC0       [1]    ADCON2
0x0FC1       [1]    ADCON1
0x0FC2       [1]    ADCON0
0x0FC3       [1]    ADRESL
0x0FC4       [1]    ADRESH
0x0FD8       [1]    STATUS
0x0FD9       [1]    FSR2L
0x0FDA       [1]    FSR2H
0x0FDE       [1]    POSTINC2
0x0FE0       [1]    BSR
0x0FE1       [1]    FSR1L
0x0FE2       [1]    FSR1H
0x0FE4       [1]    PREINC1
0x0FE6       [1]    POSTINC1
0x0FE7       [1]    INDF1
0x0FE8       [1]    WREG
0x0FE9       [1]    FSR0L
0x0FEA       [1]    FSR0H
0x0FEE       [1]    POSTINC0
0x0FF3       [1]    PRODL
0x0FF4       [1]    PRODH
0x0FF5       [1]    TABLAT
0x0FF6       [1]    TBLPTRL
0x0FF7       [1]    TBLPTRH
0x0FF8       [1]    TBLPTRU
//** Constants locations ** 
//ADDRESS    SIZE    CONSTANT
//----------------------------------------------
0x0A98       [2]    ?ICS?lstr2_termometro
0x0A9A       [6]    ?ICS?lstr1_termometro
0x0AA0       [1]    ?ICS_vref_mask
